#
# There is insufficient memory for the Java Runtime Environment to continue.
# Native memory allocation (mmap) failed to map 340787200 bytes for G1 virtual space
# Possible reasons:
#   The system is out of physical RAM or swap space
#   The process is running with CompressedOops enabled, and the Java Heap may be blocking the growth of the native heap
# Possible solutions:
#   Reduce memory load on the system
#   Increase physical memory or swap space
#   Check if swap backing store is full
#   Decrease Java heap size (-Xmx/-Xms)
#   Decrease number of Java threads
#   Decrease Java thread stack sizes (-Xss)
#   Set larger code cache with -XX:ReservedCodeCacheSize=
#   JVM is running with Unscaled Compressed Oops mode in which the Java heap is
#     placed in the first 4GB address space. The Java Heap base address is the
#     maximum limit for the native heap growth. Please use -XX:HeapBaseMinAddress
#     to set the Java Heap base and to place the Java Heap above 4GB virtual address.
# This output file may be truncated or incomplete.
#
#  Out of Memory Error (os_windows.cpp:3769), pid=3596, tid=9984
#
# JRE version: OpenJDK Runtime Environment (17.0.6) (build 17.0.6+0-b2043.56-9586694)
# Java VM: OpenJDK 64-Bit Server VM (17.0.6+0-b2043.56-9586694, mixed mode, tiered, compressed oops, compressed class ptrs, g1 gc, windows-amd64)
# No core dump will be written. Minidumps are not enabled by default on client versions of Windows
#

---------------  S U M M A R Y ------------

Command Line: --add-opens=java.base/java.util=ALL-UNNAMED --add-opens=java.base/java.lang=ALL-UNNAMED --add-opens=java.base/java.lang.invoke=ALL-UNNAMED --add-opens=java.base/java.util=ALL-UNNAMED --add-opens=java.prefs/java.util.prefs=ALL-UNNAMED --add-opens=java.prefs/java.util.prefs=ALL-UNNAMED --add-opens=java.base/java.nio.charset=ALL-UNNAMED --add-opens=java.base/java.net=ALL-UNNAMED --add-opens=java.base/java.util.concurrent.atomic=ALL-UNNAMED -Xmx1536M -Dfile.encoding=windows-1252 -Duser.country=US -Duser.language=en -Duser.variant org.gradle.launcher.daemon.bootstrap.GradleDaemon 7.5

Host: Intel(R) Core(TM) i3-1005G1 CPU @ 1.20GHz, 4 cores, 3G,  Windows 10 , 64 bit Build 19041 (10.0.19041.3393)
Time: Wed Oct  4 02:08:18 2023 India Standard Time elapsed time: 284.654679 seconds (0d 0h 4m 44s)

---------------  T H R E A D  ---------------

Current thread (0x0000025c55483ed0):  VMThread "VM Thread" [stack: 0x000000853a700000,0x000000853a800000] [id=9984]

Stack: [0x000000853a700000,0x000000853a800000]
Native frames: (J=compiled Java code, j=interpreted, Vv=VM code, C=native code)
V  [jvm.dll+0x683b4a]
V  [jvm.dll+0x842654]
V  [jvm.dll+0x843dfe]
V  [jvm.dll+0x844463]
V  [jvm.dll+0x249b75]
V  [jvm.dll+0x680a19]
V  [jvm.dll+0x674f0a]
V  [jvm.dll+0x309acb]
V  [jvm.dll+0x310f86]
V  [jvm.dll+0x3608ee]
V  [jvm.dll+0x360b1f]
V  [jvm.dll+0x2dfbf8]
V  [jvm.dll+0x2ddec4]
V  [jvm.dll+0x2dd4cc]
V  [jvm.dll+0x321f3b]
V  [jvm.dll+0x84893b]
V  [jvm.dll+0x849674]
V  [jvm.dll+0x849b8d]
V  [jvm.dll+0x849f64]
V  [jvm.dll+0x84a030]
V  [jvm.dll+0x7f25fa]
V  [jvm.dll+0x682985]
C  [ucrtbase.dll+0x21bb2]
C  [KERNEL32.DLL+0x17344]
C  [ntdll.dll+0x526b1]

VM_Operation (0x000000853f0f8700): G1CollectForAllocation, mode: safepoint, requested by thread 0x0000025c578f0220


---------------  P R O C E S S  ---------------

Threads class SMR info:
_java_thread_list=0x0000025c5f5e63f0, length=94, elements={
0x0000025c3d20fc60, 0x0000025c55492b80, 0x0000025c55493730, 0x0000025c554e4520,
0x0000025c554e4ed0, 0x0000025c554e98a0, 0x0000025c554ea250, 0x0000025c56010130,
0x0000025c56010bd0, 0x0000025c554fe610, 0x0000025c56185020, 0x0000025c56185d00,
0x0000025c57554710, 0x0000025c5650ab30, 0x0000025c5767a420, 0x0000025c56289860,
0x0000025c56d75810, 0x0000025c566b8210, 0x0000025c566b6530, 0x0000025c566b9a20,
0x0000025c566b86e0, 0x0000025c566b8bb0, 0x0000025c566b6060, 0x0000025c566b73a0,
0x0000025c566b9080, 0x0000025c566b6a00, 0x0000025c566b6ed0, 0x0000025c566b7d40,
0x0000025c591bab50, 0x0000025c591be040, 0x0000025c591b9810, 0x0000025c591bb020,
0x0000025c591b8e70, 0x0000025c591bb9c0, 0x0000025c591be9e0, 0x0000025c591beeb0,
0x0000025c591c01f0, 0x0000025c591bb4f0, 0x0000025c591bf380, 0x0000025c591c06c0,
0x0000025c591bbe90, 0x0000025c591bd1d0, 0x0000025c591b9340, 0x0000025c591bc360,
0x0000025c591ba1b0, 0x0000025c591ba680, 0x0000025c591bc830, 0x0000025c591bd6a0,
0x0000025c591bdb70, 0x0000025c59683200, 0x0000025c596836d0, 0x0000025c59683ba0,
0x0000025c59684070, 0x0000025c59681520, 0x0000025c596806b0, 0x0000025c596819f0,
0x0000025c59682860, 0x0000025c59681050, 0x0000025c59682d30, 0x0000025c59682390,
0x0000025c59681ec0, 0x0000025c59680b80, 0x0000025c578ec860, 0x0000025c578f1090,
0x0000025c578ed200, 0x0000025c578f1f00, 0x0000025c578f0220, 0x0000025c578f23d0,
0x0000025c578f1a30, 0x0000025c578ef3b0, 0x0000025c578ebec0, 0x0000025c578eb050,
0x0000025c578ecd30, 0x0000025c578ef880, 0x0000025c578efd50, 0x0000025c578f06f0,
0x0000025c578ee070, 0x0000025c578f0bc0, 0x0000025c578eb520, 0x0000025c578eea10,
0x0000025c578f1560, 0x0000025c578f28a0, 0x0000025c578edba0, 0x0000025c578ec390,
0x0000025c578ee540, 0x0000025c578eeee0, 0x0000025c566b9550, 0x0000025c5a281820,
0x0000025c5a2809b0, 0x0000025c5a282690, 0x0000025c5a281cf0, 0x0000025c5f3312c0,
0x0000025c5f335620, 0x0000025c5f333470
}

Java Threads: ( => current thread )
  0x0000025c3d20fc60 JavaThread "main" [_thread_blocked, id=14640, stack(0x000000853a100000,0x000000853a200000)]
  0x0000025c55492b80 JavaThread "Reference Handler" daemon [_thread_blocked, id=10256, stack(0x000000853a800000,0x000000853a900000)]
  0x0000025c55493730 JavaThread "Finalizer" daemon [_thread_blocked, id=7908, stack(0x000000853a900000,0x000000853aa00000)]
  0x0000025c554e4520 JavaThread "Signal Dispatcher" daemon [_thread_blocked, id=8148, stack(0x000000853aa00000,0x000000853ab00000)]
  0x0000025c554e4ed0 JavaThread "Attach Listener" daemon [_thread_blocked, id=6964, stack(0x000000853ab00000,0x000000853ac00000)]
  0x0000025c554e98a0 JavaThread "Service Thread" daemon [_thread_blocked, id=3048, stack(0x000000853ac00000,0x000000853ad00000)]
  0x0000025c554ea250 JavaThread "Monitor Deflation Thread" daemon [_thread_blocked, id=10448, stack(0x000000853ad00000,0x000000853ae00000)]
  0x0000025c56010130 JavaThread "C2 CompilerThread0" daemon [_thread_blocked, id=9648, stack(0x000000853ae00000,0x000000853af00000)]
  0x0000025c56010bd0 JavaThread "C1 CompilerThread0" daemon [_thread_blocked, id=15224, stack(0x000000853af00000,0x000000853b000000)]
  0x0000025c554fe610 JavaThread "Sweeper thread" daemon [_thread_blocked, id=15660, stack(0x000000853b000000,0x000000853b100000)]
  0x0000025c56185020 JavaThread "Common-Cleaner" daemon [_thread_blocked, id=13020, stack(0x000000853b100000,0x000000853b200000)]
  0x0000025c56185d00 JavaThread "Notification Thread" daemon [_thread_blocked, id=10420, stack(0x000000853b200000,0x000000853b300000)]
  0x0000025c57554710 JavaThread "Daemon health stats" [_thread_blocked, id=16956, stack(0x000000853b700000,0x000000853b800000)]
  0x0000025c5650ab30 JavaThread "Incoming local TCP Connector on port 55278" [_thread_in_native, id=13084, stack(0x000000853b800000,0x000000853b900000)]
  0x0000025c5767a420 JavaThread "Daemon periodic checks" [_thread_blocked, id=15076, stack(0x000000853b900000,0x000000853ba00000)]
  0x0000025c56289860 JavaThread "Daemon" [_thread_blocked, id=13204, stack(0x000000853ba00000,0x000000853bb00000)]
  0x0000025c56d75810 JavaThread "Handler for socket connection from /127.0.0.1:55278 to /127.0.0.1:55285" [_thread_in_native, id=15008, stack(0x000000853bb00000,0x000000853bc00000)]
  0x0000025c566b8210 JavaThread "Cancel handler" [_thread_blocked, id=6272, stack(0x000000853bc00000,0x000000853bd00000)]
  0x0000025c566b6530 JavaThread "Daemon worker" [_thread_blocked, id=10540, stack(0x000000853bd00000,0x000000853be00000)]
  0x0000025c566b9a20 JavaThread "Asynchronous log dispatcher for DefaultDaemonConnection: socket connection from /127.0.0.1:55278 to /127.0.0.1:55285" [_thread_blocked, id=12076, stack(0x000000853be00000,0x000000853bf00000)]
  0x0000025c566b86e0 JavaThread "Stdin handler" [_thread_blocked, id=17388, stack(0x000000853bf00000,0x000000853c000000)]
  0x0000025c566b8bb0 JavaThread "Daemon client event forwarder" [_thread_blocked, id=11516, stack(0x000000853c000000,0x000000853c100000)]
  0x0000025c566b6060 JavaThread "Cache worker for journal cache (C:\Users\A\.gradle\caches\journal-1)" [_thread_blocked, id=1476, stack(0x000000853c100000,0x000000853c200000)]
  0x0000025c566b73a0 JavaThread "File lock request listener" [_thread_in_native, id=5508, stack(0x000000853c200000,0x000000853c300000)]
  0x0000025c566b9080 JavaThread "Cache worker for file hash cache (C:\Users\A\.gradle\caches\7.5\fileHashes)" [_thread_blocked, id=5156, stack(0x000000853c300000,0x000000853c400000)]
  0x0000025c566b6a00 JavaThread "File watcher server" daemon [_thread_blocked, id=16892, stack(0x000000853c500000,0x000000853c600000)]
  0x0000025c566b6ed0 JavaThread "File watcher consumer" daemon [_thread_blocked, id=16460, stack(0x000000853c600000,0x000000853c700000)]
  0x0000025c566b7d40 JavaThread "Cache worker for checksums cache (C:\Users\A\Desktop\testt\android\.gradle\7.5\checksums)" [_thread_blocked, id=11896, stack(0x000000853c700000,0x000000853c800000)]
  0x0000025c591bab50 JavaThread "Cache worker for cache directory md-rule (C:\Users\A\.gradle\caches\7.5\md-rule)" [_thread_blocked, id=16736, stack(0x000000853c800000,0x000000853c900000)]
  0x0000025c591be040 JavaThread "Cache worker for file content cache (C:\Users\A\.gradle\caches\7.5\fileContent)" [_thread_blocked, id=5408, stack(0x000000853c900000,0x000000853ca00000)]
  0x0000025c591b9810 JavaThread "Cache worker for file hash cache (C:\Users\A\Desktop\testt\android\.gradle\7.5\fileHashes)" [_thread_blocked, id=11816, stack(0x0000008539e00000,0x0000008539f00000)]
  0x0000025c591bb020 JavaThread "Cache worker for cache directory md-supplier (C:\Users\A\.gradle\caches\7.5\md-supplier)" [_thread_blocked, id=6084, stack(0x000000853cc00000,0x000000853cd00000)]
  0x0000025c591b8e70 JavaThread "Cache worker for execution history cache (C:\Users\A\.gradle\caches\7.5\executionHistory)" [_thread_blocked, id=5532, stack(0x000000853cd00000,0x000000853ce00000)]
  0x0000025c591bb9c0 JavaThread "jar transforms" [_thread_blocked, id=15168, stack(0x000000853cf00000,0x000000853d000000)]
  0x0000025c591be9e0 JavaThread "jar transforms Thread 2" [_thread_blocked, id=11992, stack(0x000000853d000000,0x000000853d100000)]
  0x0000025c591beeb0 JavaThread "jar transforms Thread 3" [_thread_blocked, id=16496, stack(0x000000853d100000,0x000000853d200000)]
  0x0000025c591c01f0 JavaThread "jar transforms Thread 4" [_thread_blocked, id=3544, stack(0x000000853d200000,0x000000853d300000)]
  0x0000025c591bb4f0 JavaThread "Cache worker for dependencies-accessors (C:\Users\A\Desktop\testt\android\.gradle\7.5\dependencies-accessors)" [_thread_blocked, id=15864, stack(0x000000853d300000,0x000000853d400000)]
  0x0000025c591bf380 JavaThread "Cache worker for Build Output Cleanup Cache (C:\Users\A\Desktop\testt\android\.gradle\buildOutputCleanup)" [_thread_blocked, id=2684, stack(0x000000853d400000,0x000000853d500000)]
  0x0000025c591c06c0 JavaThread "Unconstrained build operations" [_thread_blocked, id=15240, stack(0x000000853d500000,0x000000853d600000)]
  0x0000025c591bbe90 JavaThread "Unconstrained build operations Thread 2" [_thread_blocked, id=1012, stack(0x000000853d600000,0x000000853d700000)]
  0x0000025c591bd1d0 JavaThread "Unconstrained build operations Thread 3" [_thread_blocked, id=16888, stack(0x000000853d700000,0x000000853d800000)]
  0x0000025c591b9340 JavaThread "Unconstrained build operations Thread 4" [_thread_blocked, id=7324, stack(0x000000853d800000,0x000000853d900000)]
  0x0000025c591bc360 JavaThread "Unconstrained build operations Thread 5" [_thread_blocked, id=5984, stack(0x000000853d900000,0x000000853da00000)]
  0x0000025c591ba1b0 JavaThread "Unconstrained build operations Thread 6" [_thread_blocked, id=1384, stack(0x000000853da00000,0x000000853db00000)]
  0x0000025c591ba680 JavaThread "Unconstrained build operations Thread 7" [_thread_blocked, id=6520, stack(0x000000853db00000,0x000000853dc00000)]
  0x0000025c591bc830 JavaThread "Unconstrained build operations Thread 8" [_thread_blocked, id=15032, stack(0x000000853dc00000,0x000000853dd00000)]
  0x0000025c591bd6a0 JavaThread "Unconstrained build operations Thread 9" [_thread_blocked, id=2560, stack(0x000000853dd00000,0x000000853de00000)]
  0x0000025c591bdb70 JavaThread "Unconstrained build operations Thread 10" [_thread_blocked, id=1748, stack(0x000000853de00000,0x000000853df00000)]
  0x0000025c59683200 JavaThread "Unconstrained build operations Thread 11" [_thread_blocked, id=16304, stack(0x000000853df00000,0x000000853e000000)]
  0x0000025c596836d0 JavaThread "Unconstrained build operations Thread 12" [_thread_blocked, id=9632, stack(0x000000853e000000,0x000000853e100000)]
  0x0000025c59683ba0 JavaThread "Unconstrained build operations Thread 13" [_thread_blocked, id=9748, stack(0x000000853e100000,0x000000853e200000)]
  0x0000025c59684070 JavaThread "Unconstrained build operations Thread 14" [_thread_blocked, id=12168, stack(0x000000853e200000,0x000000853e300000)]
  0x0000025c59681520 JavaThread "Unconstrained build operations Thread 15" [_thread_blocked, id=10156, stack(0x000000853e300000,0x000000853e400000)]
  0x0000025c596806b0 JavaThread "Unconstrained build operations Thread 16" [_thread_blocked, id=12488, stack(0x000000853e400000,0x000000853e500000)]
  0x0000025c596819f0 JavaThread "Unconstrained build operations Thread 17" [_thread_blocked, id=15328, stack(0x000000853e500000,0x000000853e600000)]
  0x0000025c59682860 JavaThread "Unconstrained build operations Thread 18" [_thread_blocked, id=14556, stack(0x000000853e600000,0x000000853e700000)]
  0x0000025c59681050 JavaThread "Unconstrained build operations Thread 19" [_thread_blocked, id=13700, stack(0x000000853e700000,0x000000853e800000)]
  0x0000025c59682d30 JavaThread "Unconstrained build operations Thread 20" [_thread_blocked, id=1236, stack(0x000000853e800000,0x000000853e900000)]
  0x0000025c59682390 JavaThread "Unconstrained build operations Thread 21" [_thread_blocked, id=3356, stack(0x000000853e900000,0x000000853ea00000)]
  0x0000025c59681ec0 JavaThread "Unconstrained build operations Thread 22" [_thread_blocked, id=16452, stack(0x000000853ea00000,0x000000853eb00000)]
  0x0000025c59680b80 JavaThread "Unconstrained build operations Thread 23" [_thread_blocked, id=2208, stack(0x000000853eb00000,0x000000853ec00000)]
  0x0000025c578ec860 JavaThread "Unconstrained build operations Thread 24" [_thread_blocked, id=11664, stack(0x000000853ec00000,0x000000853ed00000)]
  0x0000025c578f1090 JavaThread "Unconstrained build operations Thread 25" [_thread_blocked, id=11540, stack(0x000000853ed00000,0x000000853ee00000)]
  0x0000025c578ed200 JavaThread "Unconstrained build operations Thread 26" [_thread_blocked, id=6556, stack(0x000000853ee00000,0x000000853ef00000)]
  0x0000025c578f1f00 JavaThread "Unconstrained build operations Thread 27" [_thread_blocked, id=4004, stack(0x000000853ef00000,0x000000853f000000)]
  0x0000025c578f0220 JavaThread "Unconstrained build operations Thread 28" [_thread_blocked, id=10456, stack(0x000000853f000000,0x000000853f100000)]
  0x0000025c578f23d0 JavaThread "Unconstrained build operations Thread 29" [_thread_blocked, id=944, stack(0x000000853f100000,0x000000853f200000)]
  0x0000025c578f1a30 JavaThread "Unconstrained build operations Thread 30" [_thread_blocked, id=2688, stack(0x000000853f200000,0x000000853f300000)]
  0x0000025c578ef3b0 JavaThread "Unconstrained build operations Thread 31" [_thread_blocked, id=7904, stack(0x000000853f300000,0x000000853f400000)]
  0x0000025c578ebec0 JavaThread "Unconstrained build operations Thread 32" [_thread_blocked, id=17096, stack(0x000000853f400000,0x000000853f500000)]
  0x0000025c578eb050 JavaThread "Unconstrained build operations Thread 33" [_thread_blocked, id=14688, stack(0x000000853f500000,0x000000853f600000)]
  0x0000025c578ecd30 JavaThread "Unconstrained build operations Thread 34" [_thread_blocked, id=12800, stack(0x000000853f600000,0x000000853f700000)]
  0x0000025c578ef880 JavaThread "Unconstrained build operations Thread 35" [_thread_blocked, id=10028, stack(0x000000853f700000,0x000000853f800000)]
  0x0000025c578efd50 JavaThread "Unconstrained build operations Thread 36" [_thread_blocked, id=8828, stack(0x000000853f800000,0x000000853f900000)]
  0x0000025c578f06f0 JavaThread "Unconstrained build operations Thread 37" [_thread_blocked, id=14628, stack(0x000000853f900000,0x000000853fa00000)]
  0x0000025c578ee070 JavaThread "Unconstrained build operations Thread 38" [_thread_blocked, id=11308, stack(0x000000853fa00000,0x000000853fb00000)]
  0x0000025c578f0bc0 JavaThread "Unconstrained build operations Thread 39" [_thread_blocked, id=9092, stack(0x000000853fb00000,0x000000853fc00000)]
  0x0000025c578eb520 JavaThread "Unconstrained build operations Thread 40" [_thread_blocked, id=7400, stack(0x000000853fc00000,0x000000853fd00000)]
  0x0000025c578eea10 JavaThread "Cache worker for kotlin-dsl (C:\Users\A\.gradle\caches\7.5\kotlin-dsl)" [_thread_blocked, id=11452, stack(0x0000008539f00000,0x000000853a000000)]
  0x0000025c578f1560 JavaThread "Cache worker for Build Output Cleanup Cache (C:\flutter\packages\flutter_tools\gradle\.gradle\buildOutputCleanup)" [_thread_blocked, id=6940, stack(0x000000853a000000,0x000000853a100000)]
  0x0000025c578f28a0 JavaThread "Memory manager" [_thread_blocked, id=10948, stack(0x000000853fd00000,0x000000853fe00000)]
  0x0000025c578edba0 JavaThread "included builds" [_thread_blocked, id=12160, stack(0x000000853c400000,0x000000853c500000)]
  0x0000025c578ec390 JavaThread "Execution worker" [_thread_blocked, id=5996, stack(0x000000853fe00000,0x000000853ff00000)]
  0x0000025c578ee540 JavaThread "Execution worker Thread 2" [_thread_blocked, id=16232, stack(0x000000853ff00000,0x0000008540000000)]
  0x0000025c578eeee0 JavaThread "Execution worker Thread 3" [_thread_blocked, id=12932, stack(0x0000008540000000,0x0000008540100000)]
  0x0000025c566b9550 JavaThread "Cache worker for execution history cache (C:\flutter\packages\flutter_tools\gradle\.gradle\7.5\executionHistory)" [_thread_blocked, id=3692, stack(0x0000008540100000,0x0000008540200000)]
  0x0000025c5a281820 JavaThread "File lock release action executor Thread 2" [_thread_blocked, id=14960, stack(0x000000853cb00000,0x000000853cc00000)]
  0x0000025c5a2809b0 JavaThread "pool-3-thread-1" [_thread_blocked, id=15000, stack(0x0000008540200000,0x0000008540300000)]
  0x0000025c5a282690 JavaThread "build event listener" [_thread_blocked, id=15136, stack(0x0000008540300000,0x0000008540400000)]
  0x0000025c5a281cf0 JavaThread "Cache worker for execution history cache (C:\Users\A\Desktop\testt\android\.gradle\7.5\executionHistory)" [_thread_blocked, id=12156, stack(0x0000008540400000,0x0000008540500000)]
  0x0000025c5f3312c0 JavaThread "WorkerExecutor Queue" [_thread_blocked, id=13564, stack(0x000000853ca00000,0x000000853cb00000)]
  0x0000025c5f335620 JavaThread "WorkerExecutor Queue Thread 2" [_thread_blocked, id=13924, stack(0x0000008540800000,0x0000008540900000)]
  0x0000025c5f333470 JavaThread "WorkerExecutor Queue Thread 3" [_thread_blocked, id=16876, stack(0x0000008540900000,0x0000008540a00000)]

Other Threads:
=>0x0000025c55483ed0 VMThread "VM Thread" [stack: 0x000000853a700000,0x000000853a800000] [id=9984]
  0x0000025c561861d0 WatcherThread [stack: 0x000000853b300000,0x000000853b400000] [id=10636]
  0x0000025c3d25c3b0 GCTaskThread "GC Thread#0" [stack: 0x000000853a200000,0x000000853a300000] [id=10564]
  0x0000025c566a4220 GCTaskThread "GC Thread#1" [stack: 0x000000853b400000,0x000000853b500000] [id=14860]
  0x0000025c564ad4d0 GCTaskThread "GC Thread#2" [stack: 0x000000853b500000,0x000000853b600000] [id=9080]
  0x0000025c5605e510 GCTaskThread "GC Thread#3" [stack: 0x000000853b600000,0x000000853b700000] [id=11168]
  0x0000025c3d2692f0 ConcurrentGCThread "G1 Main Marker" [stack: 0x000000853a300000,0x000000853a400000] [id=14804]
  0x0000025c3d269d00 ConcurrentGCThread "G1 Conc#0" [stack: 0x000000853a400000,0x000000853a500000] [id=14304]
  0x0000025c3d2aecb0 ConcurrentGCThread "G1 Refine#0" [stack: 0x000000853a500000,0x000000853a600000] [id=15576]
  0x0000025c5797f9e0 ConcurrentGCThread "G1 Refine#1" [stack: 0x000000853ce00000,0x000000853cf00000] [id=16616]
  0x0000025c3d2af6d0 ConcurrentGCThread "G1 Service" [stack: 0x000000853a600000,0x000000853a700000] [id=5664]

Threads with active compile tasks:
C2 CompilerThread0   284768 16651       4       com.android.tools.r8.internal.Pa::a (1069 bytes)

VM state: at safepoint (normal execution)

VM Mutex/Monitor currently owned by a thread:  ([mutex/lock_event])
[0x0000025c3d20bad0] Threads_lock - owner thread: 0x0000025c55483ed0
[0x0000025c3d20af00] Heap_lock - owner thread: 0x0000025c578f0220

Heap address: 0x00000000a0000000, size: 1536 MB, Compressed Oops mode: 32-bit

CDS archive(s) not mapped
Compressed class space mapped at: 0x0000000100000000-0x0000000140000000, reserved size: 1073741824
Narrow klass base: 0x0000000000000000, Narrow klass shift: 3, Narrow klass range: 0x140000000

GC Precious Log:
 CPUs: 4 total, 4 available
 Memory: 3901M
 Large Page Support: Disabled
 NUMA Support: Disabled
 Compressed Oops: Enabled (32-bit)
 Heap Region Size: 1M
 Heap Min Capacity: 8M
 Heap Initial Capacity: 62M
 Heap Max Capacity: 1536M
 Pre-touch: Disabled
 Parallel Workers: 4
 Concurrent Workers: 1
 Concurrent Refinement Workers: 4
 Periodic GC: Disabled

Heap:
 garbage-first heap   total 311296K, used 177152K [0x00000000a0000000, 0x0000000100000000)
  region size 1024K, 10 young (10240K), 10 survivors (10240K)
 Metaspace       used 115630K, committed 116544K, reserved 1155072K
  class space    used 15687K, committed 16064K, reserved 1048576K

Heap Regions: E=young(eden), S=young(survivor), O=old, HS=humongous(starts), HC=humongous(continues), CS=collection set, F=free, OA=open archive, CA=closed archive, TAMS=top-at-mark-start (previous, next)
|   0|0x00000000a0000000, 0x00000000a0100000, 0x00000000a0100000|100%|HS|  |TAMS 0x00000000a0100000, 0x00000000a0000000| Complete 
|   1|0x00000000a0100000, 0x00000000a0200000, 0x00000000a0200000|100%|HC|  |TAMS 0x00000000a0200000, 0x00000000a0100000| Complete 
|   2|0x00000000a0200000, 0x00000000a0300000, 0x00000000a0300000|100%|HC|  |TAMS 0x00000000a0300000, 0x00000000a0200000| Complete 
|   3|0x00000000a0300000, 0x00000000a0400000, 0x00000000a0400000|100%| O|  |TAMS 0x00000000a0400000, 0x00000000a0300000| Untracked 
|   4|0x00000000a0400000, 0x00000000a0500000, 0x00000000a0500000|100%| O|  |TAMS 0x00000000a0500000, 0x00000000a0400000| Untracked 
|   5|0x00000000a0500000, 0x00000000a0600000, 0x00000000a0600000|100%| O|  |TAMS 0x00000000a0600000, 0x00000000a0500000| Untracked 
|   6|0x00000000a0600000, 0x00000000a0700000, 0x00000000a0700000|100%| O|  |TAMS 0x00000000a0700000, 0x00000000a0600000| Untracked 
|   7|0x00000000a0700000, 0x00000000a0800000, 0x00000000a0800000|100%| O|  |TAMS 0x00000000a0800000, 0x00000000a0700000| Untracked 
|   8|0x00000000a0800000, 0x00000000a0900000, 0x00000000a0900000|100%| O|  |TAMS 0x00000000a0900000, 0x00000000a0800000| Untracked 
|   9|0x00000000a0900000, 0x00000000a0a00000, 0x00000000a0a00000|100%| O|  |TAMS 0x00000000a0a00000, 0x00000000a0900000| Untracked 
|  10|0x00000000a0a00000, 0x00000000a0b00000, 0x00000000a0b00000|100%| O|  |TAMS 0x00000000a0b00000, 0x00000000a0a00000| Untracked 
|  11|0x00000000a0b00000, 0x00000000a0c00000, 0x00000000a0c00000|100%| O|  |TAMS 0x00000000a0c00000, 0x00000000a0b00000| Untracked 
|  12|0x00000000a0c00000, 0x00000000a0d00000, 0x00000000a0d00000|100%| O|  |TAMS 0x00000000a0d00000, 0x00000000a0c00000| Untracked 
|  13|0x00000000a0d00000, 0x00000000a0e00000, 0x00000000a0e00000|100%| O|  |TAMS 0x00000000a0e00000, 0x00000000a0d00000| Untracked 
|  14|0x00000000a0e00000, 0x00000000a0f00000, 0x00000000a0f00000|100%| O|  |TAMS 0x00000000a0f00000, 0x00000000a0e00000| Untracked 
|  15|0x00000000a0f00000, 0x00000000a1000000, 0x00000000a1000000|100%| O|  |TAMS 0x00000000a1000000, 0x00000000a0f00000| Untracked 
|  16|0x00000000a1000000, 0x00000000a1100000, 0x00000000a1100000|100%| O|  |TAMS 0x00000000a1100000, 0x00000000a1000000| Untracked 
|  17|0x00000000a1100000, 0x00000000a1200000, 0x00000000a1200000|100%| O|  |TAMS 0x00000000a1200000, 0x00000000a1100000| Untracked 
|  18|0x00000000a1200000, 0x00000000a1300000, 0x00000000a1300000|100%| O|  |TAMS 0x00000000a1300000, 0x00000000a1200000| Untracked 
|  19|0x00000000a1300000, 0x00000000a1400000, 0x00000000a1400000|100%| O|  |TAMS 0x00000000a1400000, 0x00000000a1300000| Untracked 
|  20|0x00000000a1400000, 0x00000000a1500000, 0x00000000a1500000|100%| O|  |TAMS 0x00000000a1500000, 0x00000000a1400000| Untracked 
|  21|0x00000000a1500000, 0x00000000a1600000, 0x00000000a1600000|100%| O|  |TAMS 0x00000000a1600000, 0x00000000a1500000| Untracked 
|  22|0x00000000a1600000, 0x00000000a1700000, 0x00000000a1700000|100%| O|  |TAMS 0x00000000a1700000, 0x00000000a1600000| Untracked 
|  23|0x00000000a1700000, 0x00000000a1800000, 0x00000000a1800000|100%| O|  |TAMS 0x00000000a1800000, 0x00000000a1700000| Untracked 
|  24|0x00000000a1800000, 0x00000000a1900000, 0x00000000a1900000|100%| O|  |TAMS 0x00000000a1900000, 0x00000000a1800000| Untracked 
|  25|0x00000000a1900000, 0x00000000a1a00000, 0x00000000a1a00000|100%| O|  |TAMS 0x00000000a1a00000, 0x00000000a1900000| Untracked 
|  26|0x00000000a1a00000, 0x00000000a1b00000, 0x00000000a1b00000|100%| O|  |TAMS 0x00000000a1b00000, 0x00000000a1a00000| Untracked 
|  27|0x00000000a1b00000, 0x00000000a1c00000, 0x00000000a1c00000|100%| O|  |TAMS 0x00000000a1c00000, 0x00000000a1b00000| Untracked 
|  28|0x00000000a1c00000, 0x00000000a1d00000, 0x00000000a1d00000|100%| O|  |TAMS 0x00000000a1d00000, 0x00000000a1c00000| Untracked 
|  29|0x00000000a1d00000, 0x00000000a1e00000, 0x00000000a1e00000|100%| O|  |TAMS 0x00000000a1e00000, 0x00000000a1d00000| Untracked 
|  30|0x00000000a1e00000, 0x00000000a1f00000, 0x00000000a1f00000|100%| O|  |TAMS 0x00000000a1f00000, 0x00000000a1e00000| Untracked 
|  31|0x00000000a1f00000, 0x00000000a2000000, 0x00000000a2000000|100%| O|  |TAMS 0x00000000a2000000, 0x00000000a1f00000| Untracked 
|  32|0x00000000a2000000, 0x00000000a2100000, 0x00000000a2100000|100%| O|  |TAMS 0x00000000a2100000, 0x00000000a2000000| Untracked 
|  33|0x00000000a2100000, 0x00000000a2200000, 0x00000000a2200000|100%| O|  |TAMS 0x00000000a2200000, 0x00000000a2100000| Untracked 
|  34|0x00000000a2200000, 0x00000000a2300000, 0x00000000a2300000|100%| O|  |TAMS 0x00000000a2200000, 0x00000000a2200000| Untracked 
|  35|0x00000000a2300000, 0x00000000a2400000, 0x00000000a2400000|100%|HS|  |TAMS 0x00000000a2400000, 0x00000000a2300000| Complete 
|  36|0x00000000a2400000, 0x00000000a2500000, 0x00000000a2500000|100%| O|  |TAMS 0x00000000a2500000, 0x00000000a2400000| Untracked 
|  37|0x00000000a2500000, 0x00000000a2600000, 0x00000000a2600000|100%|HS|  |TAMS 0x00000000a2600000, 0x00000000a2500000| Complete 
|  38|0x00000000a2600000, 0x00000000a2700000, 0x00000000a2700000|100%|HS|  |TAMS 0x00000000a2700000, 0x00000000a2600000| Complete 
|  39|0x00000000a2700000, 0x00000000a2800000, 0x00000000a2800000|100%| O|  |TAMS 0x00000000a2800000, 0x00000000a2700000| Untracked 
|  40|0x00000000a2800000, 0x00000000a2900000, 0x00000000a2900000|100%|HS|  |TAMS 0x00000000a2900000, 0x00000000a2800000| Complete 
|  41|0x00000000a2900000, 0x00000000a2a00000, 0x00000000a2a00000|100%|HC|  |TAMS 0x00000000a2a00000, 0x00000000a2900000| Complete 
|  42|0x00000000a2a00000, 0x00000000a2b00000, 0x00000000a2b00000|100%|HC|  |TAMS 0x00000000a2b00000, 0x00000000a2a00000| Complete 
|  43|0x00000000a2b00000, 0x00000000a2c00000, 0x00000000a2c00000|100%| O|  |TAMS 0x00000000a2c00000, 0x00000000a2b00000| Untracked 
|  44|0x00000000a2c00000, 0x00000000a2d00000, 0x00000000a2d00000|100%| O|  |TAMS 0x00000000a2d00000, 0x00000000a2c00000| Untracked 
|  45|0x00000000a2d00000, 0x00000000a2e00000, 0x00000000a2e00000|100%| O|  |TAMS 0x00000000a2e00000, 0x00000000a2d00000| Untracked 
|  46|0x00000000a2e00000, 0x00000000a2f00000, 0x00000000a2f00000|100%| O|  |TAMS 0x00000000a2f00000, 0x00000000a2e00000| Untracked 
|  47|0x00000000a2f00000, 0x00000000a3000000, 0x00000000a3000000|100%|HS|  |TAMS 0x00000000a3000000, 0x00000000a2f00000| Complete 
|  48|0x00000000a3000000, 0x00000000a3100000, 0x00000000a3100000|100%|HC|  |TAMS 0x00000000a3100000, 0x00000000a3000000| Complete 
|  49|0x00000000a3100000, 0x00000000a3200000, 0x00000000a3200000|100%| O|  |TAMS 0x00000000a3200000, 0x00000000a3100000| Untracked 
|  50|0x00000000a3200000, 0x00000000a3300000, 0x00000000a3300000|100%| O|  |TAMS 0x00000000a3300000, 0x00000000a3200000| Untracked 
|  51|0x00000000a3300000, 0x00000000a3400000, 0x00000000a3400000|100%| O|  |TAMS 0x00000000a3400000, 0x00000000a3300000| Untracked 
|  52|0x00000000a3400000, 0x00000000a3500000, 0x00000000a3500000|100%| O|  |TAMS 0x00000000a3500000, 0x00000000a3400000| Untracked 
|  53|0x00000000a3500000, 0x00000000a3600000, 0x00000000a3600000|100%| O|  |TAMS 0x00000000a3600000, 0x00000000a3500000| Untracked 
|  54|0x00000000a3600000, 0x00000000a3700000, 0x00000000a3700000|100%| O|  |TAMS 0x00000000a3700000, 0x00000000a3600000| Untracked 
|  55|0x00000000a3700000, 0x00000000a3800000, 0x00000000a3800000|100%| O|  |TAMS 0x00000000a3800000, 0x00000000a3700000| Untracked 
|  56|0x00000000a3800000, 0x00000000a3900000, 0x00000000a3900000|100%| O|  |TAMS 0x00000000a3900000, 0x00000000a3800000| Untracked 
|  57|0x00000000a3900000, 0x00000000a3a00000, 0x00000000a3a00000|100%| O|  |TAMS 0x00000000a3a00000, 0x00000000a3900000| Untracked 
|  58|0x00000000a3a00000, 0x00000000a3b00000, 0x00000000a3b00000|100%| O|  |TAMS 0x00000000a3b00000, 0x00000000a3a00000| Untracked 
|  59|0x00000000a3b00000, 0x00000000a3c00000, 0x00000000a3c00000|100%| O|  |TAMS 0x00000000a3c00000, 0x00000000a3b00000| Untracked 
|  60|0x00000000a3c00000, 0x00000000a3d00000, 0x00000000a3d00000|100%| O|  |TAMS 0x00000000a3d00000, 0x00000000a3c00000| Untracked 
|  61|0x00000000a3d00000, 0x00000000a3e00000, 0x00000000a3e00000|100%| O|  |TAMS 0x00000000a3e00000, 0x00000000a3d00000| Untracked 
|  62|0x00000000a3e00000, 0x00000000a3f00000, 0x00000000a3f00000|100%| O|  |TAMS 0x00000000a3f00000, 0x00000000a3e00000| Untracked 
|  63|0x00000000a3f00000, 0x00000000a4000000, 0x00000000a4000000|100%| O|  |TAMS 0x00000000a4000000, 0x00000000a3f00000| Untracked 
|  64|0x00000000a4000000, 0x00000000a4100000, 0x00000000a4100000|100%| O|  |TAMS 0x00000000a4100000, 0x00000000a4000000| Untracked 
|  65|0x00000000a4100000, 0x00000000a4200000, 0x00000000a4200000|100%| O|  |TAMS 0x00000000a4200000, 0x00000000a4100000| Untracked 
|  66|0x00000000a4200000, 0x00000000a4300000, 0x00000000a4300000|100%| O|  |TAMS 0x00000000a4300000, 0x00000000a4200000| Untracked 
|  67|0x00000000a4300000, 0x00000000a4400000, 0x00000000a4400000|100%| O|  |TAMS 0x00000000a4400000, 0x00000000a4300000| Untracked 
|  68|0x00000000a4400000, 0x00000000a4500000, 0x00000000a4500000|100%| O|  |TAMS 0x00000000a4500000, 0x00000000a4400000| Untracked 
|  69|0x00000000a4500000, 0x00000000a4600000, 0x00000000a4600000|100%| O|  |TAMS 0x00000000a4600000, 0x00000000a4500000| Untracked 
|  70|0x00000000a4600000, 0x00000000a4700000, 0x00000000a4700000|100%| O|  |TAMS 0x00000000a4700000, 0x00000000a4600000| Untracked 
|  71|0x00000000a4700000, 0x00000000a4800000, 0x00000000a4800000|100%| O|  |TAMS 0x00000000a4800000, 0x00000000a4700000| Untracked 
|  72|0x00000000a4800000, 0x00000000a4900000, 0x00000000a4900000|100%| O|  |TAMS 0x00000000a4900000, 0x00000000a4800000| Untracked 
|  73|0x00000000a4900000, 0x00000000a4a00000, 0x00000000a4a00000|100%| O|  |TAMS 0x00000000a4a00000, 0x00000000a4900000| Untracked 
|  74|0x00000000a4a00000, 0x00000000a4b00000, 0x00000000a4b00000|100%|HS|  |TAMS 0x00000000a4b00000, 0x00000000a4a00000| Complete 
|  75|0x00000000a4b00000, 0x00000000a4c00000, 0x00000000a4c00000|100%|HS|  |TAMS 0x00000000a4c00000, 0x00000000a4b00000| Complete 
|  76|0x00000000a4c00000, 0x00000000a4d00000, 0x00000000a4d00000|100%| O|  |TAMS 0x00000000a4d00000, 0x00000000a4c00000| Untracked 
|  77|0x00000000a4d00000, 0x00000000a4e00000, 0x00000000a4e00000|100%| O|  |TAMS 0x00000000a4e00000, 0x00000000a4d00000| Untracked 
|  78|0x00000000a4e00000, 0x00000000a4f00000, 0x00000000a4f00000|100%| O|  |TAMS 0x00000000a4f00000, 0x00000000a4e00000| Untracked 
|  79|0x00000000a4f00000, 0x00000000a5000000, 0x00000000a5000000|100%| O|  |TAMS 0x00000000a5000000, 0x00000000a4f00000| Untracked 
|  80|0x00000000a5000000, 0x00000000a5100000, 0x00000000a5100000|100%| O|  |TAMS 0x00000000a5100000, 0x00000000a5000000| Untracked 
|  81|0x00000000a5100000, 0x00000000a5200000, 0x00000000a5200000|100%| O|  |TAMS 0x00000000a5200000, 0x00000000a5100000| Untracked 
|  82|0x00000000a5200000, 0x00000000a5300000, 0x00000000a5300000|100%| O|  |TAMS 0x00000000a5300000, 0x00000000a5200000| Untracked 
|  83|0x00000000a5300000, 0x00000000a5400000, 0x00000000a5400000|100%| O|  |TAMS 0x00000000a5400000, 0x00000000a5300000| Untracked 
|  84|0x00000000a5400000, 0x00000000a5500000, 0x00000000a5500000|100%| O|  |TAMS 0x00000000a5500000, 0x00000000a5400000| Untracked 
|  85|0x00000000a5500000, 0x00000000a5600000, 0x00000000a5600000|100%| O|  |TAMS 0x00000000a5600000, 0x00000000a5500000| Untracked 
|  86|0x00000000a5600000, 0x00000000a5700000, 0x00000000a5700000|100%| O|  |TAMS 0x00000000a5700000, 0x00000000a5600000| Untracked 
|  87|0x00000000a5700000, 0x00000000a5800000, 0x00000000a5800000|100%| O|  |TAMS 0x00000000a5800000, 0x00000000a5700000| Untracked 
|  88|0x00000000a5800000, 0x00000000a5900000, 0x00000000a5900000|100%| O|  |TAMS 0x00000000a5800000, 0x00000000a5800000| Untracked 
|  89|0x00000000a5900000, 0x00000000a5a00000, 0x00000000a5a00000|100%| O|  |TAMS 0x00000000a5a00000, 0x00000000a5900000| Untracked 
|  90|0x00000000a5a00000, 0x00000000a5b00000, 0x00000000a5b00000|100%| O|  |TAMS 0x00000000a5b00000, 0x00000000a5a00000| Untracked 
|  91|0x00000000a5b00000, 0x00000000a5c00000, 0x00000000a5c00000|100%| O|  |TAMS 0x00000000a5c00000, 0x00000000a5b00000| Untracked 
|  92|0x00000000a5c00000, 0x00000000a5d00000, 0x00000000a5d00000|100%| O|  |TAMS 0x00000000a5d00000, 0x00000000a5c00000| Untracked 
|  93|0x00000000a5d00000, 0x00000000a5e00000, 0x00000000a5e00000|100%| O|  |TAMS 0x00000000a5e00000, 0x00000000a5d00000| Untracked 
|  94|0x00000000a5e00000, 0x00000000a5f00000, 0x00000000a5f00000|100%| O|  |TAMS 0x00000000a5f00000, 0x00000000a5e00000| Untracked 
|  95|0x00000000a5f00000, 0x00000000a6000000, 0x00000000a6000000|100%| O|  |TAMS 0x00000000a6000000, 0x00000000a5f00000| Untracked 
|  96|0x00000000a6000000, 0x00000000a6100000, 0x00000000a6100000|100%| O|  |TAMS 0x00000000a6100000, 0x00000000a6000000| Untracked 
|  97|0x00000000a6100000, 0x00000000a6200000, 0x00000000a6200000|100%| O|  |TAMS 0x00000000a6200000, 0x00000000a6100000| Untracked 
|  98|0x00000000a6200000, 0x00000000a6300000, 0x00000000a6300000|100%| O|  |TAMS 0x00000000a6300000, 0x00000000a6200000| Untracked 
|  99|0x00000000a6300000, 0x00000000a6400000, 0x00000000a6400000|100%| O|  |TAMS 0x00000000a6400000, 0x00000000a6300000| Untracked 
| 100|0x00000000a6400000, 0x00000000a6500000, 0x00000000a6500000|100%| O|  |TAMS 0x00000000a6500000, 0x00000000a6400000| Untracked 
| 101|0x00000000a6500000, 0x00000000a6600000, 0x00000000a6600000|100%| O|  |TAMS 0x00000000a6600000, 0x00000000a6500000| Untracked 
| 102|0x00000000a6600000, 0x00000000a6700000, 0x00000000a6700000|100%| O|  |TAMS 0x00000000a6700000, 0x00000000a6600000| Untracked 
| 103|0x00000000a6700000, 0x00000000a6700000, 0x00000000a6800000|  0%| F|  |TAMS 0x00000000a6700000, 0x00000000a6700000| Untracked 
| 104|0x00000000a6800000, 0x00000000a6900000, 0x00000000a6900000|100%| O|  |TAMS 0x00000000a6900000, 0x00000000a6800000| Untracked 
| 105|0x00000000a6900000, 0x00000000a6900000, 0x00000000a6a00000|  0%| F|  |TAMS 0x00000000a6900000, 0x00000000a6900000| Untracked 
| 106|0x00000000a6a00000, 0x00000000a6b00000, 0x00000000a6b00000|100%| O|  |TAMS 0x00000000a6b00000, 0x00000000a6a00000| Untracked 
| 107|0x00000000a6b00000, 0x00000000a6c00000, 0x00000000a6c00000|100%| O|  |TAMS 0x00000000a6c00000, 0x00000000a6b00000| Untracked 
| 108|0x00000000a6c00000, 0x00000000a6d00000, 0x00000000a6d00000|100%| O|  |TAMS 0x00000000a6d00000, 0x00000000a6c00000| Untracked 
| 109|0x00000000a6d00000, 0x00000000a6e00000, 0x00000000a6e00000|100%| O|  |TAMS 0x00000000a6e00000, 0x00000000a6d00000| Untracked 
| 110|0x00000000a6e00000, 0x00000000a6f00000, 0x00000000a6f00000|100%| O|  |TAMS 0x00000000a6f00000, 0x00000000a6e00000| Untracked 
| 111|0x00000000a6f00000, 0x00000000a7000000, 0x00000000a7000000|100%| O|  |TAMS 0x00000000a7000000, 0x00000000a6f00000| Untracked 
| 112|0x00000000a7000000, 0x00000000a7100000, 0x00000000a7100000|100%| O|  |TAMS 0x00000000a7100000, 0x00000000a7000000| Untracked 
| 113|0x00000000a7100000, 0x00000000a7200000, 0x00000000a7200000|100%| O|  |TAMS 0x00000000a7200000, 0x00000000a7100000| Untracked 
| 114|0x00000000a7200000, 0x00000000a7300000, 0x00000000a7300000|100%| O|  |TAMS 0x00000000a7300000, 0x00000000a7200000| Untracked 
| 115|0x00000000a7300000, 0x00000000a7400000, 0x00000000a7400000|100%| O|  |TAMS 0x00000000a7400000, 0x00000000a7300000| Untracked 
| 116|0x00000000a7400000, 0x00000000a7500000, 0x00000000a7500000|100%| O|  |TAMS 0x00000000a7500000, 0x00000000a7400000| Untracked 
| 117|0x00000000a7500000, 0x00000000a7600000, 0x00000000a7600000|100%| O|  |TAMS 0x00000000a7600000, 0x00000000a7500000| Untracked 
| 118|0x00000000a7600000, 0x00000000a7700000, 0x00000000a7700000|100%| O|  |TAMS 0x00000000a7700000, 0x00000000a7600000| Untracked 
| 119|0x00000000a7700000, 0x00000000a7800000, 0x00000000a7800000|100%| O|  |TAMS 0x00000000a7800000, 0x00000000a7700000| Untracked 
| 120|0x00000000a7800000, 0x00000000a7900000, 0x00000000a7900000|100%| O|  |TAMS 0x00000000a7900000, 0x00000000a7800000| Untracked 
| 121|0x00000000a7900000, 0x00000000a7a00000, 0x00000000a7a00000|100%| O|  |TAMS 0x00000000a7a00000, 0x00000000a7900000| Untracked 
| 122|0x00000000a7a00000, 0x00000000a7b00000, 0x00000000a7b00000|100%| O|  |TAMS 0x00000000a7b00000, 0x00000000a7a00000| Untracked 
| 123|0x00000000a7b00000, 0x00000000a7c00000, 0x00000000a7c00000|100%| O|  |TAMS 0x00000000a7c00000, 0x00000000a7b00000| Untracked 
| 124|0x00000000a7c00000, 0x00000000a7d00000, 0x00000000a7d00000|100%| O|  |TAMS 0x00000000a7d00000, 0x00000000a7c00000| Untracked 
| 125|0x00000000a7d00000, 0x00000000a7e00000, 0x00000000a7e00000|100%| O|  |TAMS 0x00000000a7e00000, 0x00000000a7d00000| Untracked 
| 126|0x00000000a7e00000, 0x00000000a7f00000, 0x00000000a7f00000|100%| O|  |TAMS 0x00000000a7f00000, 0x00000000a7e00000| Untracked 
| 127|0x00000000a7f00000, 0x00000000a8000000, 0x00000000a8000000|100%| O|  |TAMS 0x00000000a8000000, 0x00000000a7f00000| Untracked 
| 128|0x00000000a8000000, 0x00000000a8100000, 0x00000000a8100000|100%|HS|  |TAMS 0x00000000a8100000, 0x00000000a8000000| Complete 
| 129|0x00000000a8100000, 0x00000000a8200000, 0x00000000a8200000|100%|HC|  |TAMS 0x00000000a8200000, 0x00000000a8100000| Complete 
| 130|0x00000000a8200000, 0x00000000a8300000, 0x00000000a8300000|100%| O|  |TAMS 0x00000000a8300000, 0x00000000a8200000| Untracked 
| 131|0x00000000a8300000, 0x00000000a8400000, 0x00000000a8400000|100%| O|  |TAMS 0x00000000a8400000, 0x00000000a8300000| Untracked 
| 132|0x00000000a8400000, 0x00000000a8500000, 0x00000000a8500000|100%| O|  |TAMS 0x00000000a8500000, 0x00000000a8400000| Untracked 
| 133|0x00000000a8500000, 0x00000000a8600000, 0x00000000a8600000|100%| O|  |TAMS 0x00000000a8600000, 0x00000000a8500000| Untracked 
| 134|0x00000000a8600000, 0x00000000a8700000, 0x00000000a8700000|100%| O|  |TAMS 0x00000000a8700000, 0x00000000a8600000| Untracked 
| 135|0x00000000a8700000, 0x00000000a8800000, 0x00000000a8800000|100%| O|  |TAMS 0x00000000a8800000, 0x00000000a8700000| Untracked 
| 136|0x00000000a8800000, 0x00000000a8900000, 0x00000000a8900000|100%| O|  |TAMS 0x00000000a8900000, 0x00000000a8800000| Untracked 
| 137|0x00000000a8900000, 0x00000000a8a00000, 0x00000000a8a00000|100%| O|  |TAMS 0x00000000a8900000, 0x00000000a8900000| Untracked 
| 138|0x00000000a8a00000, 0x00000000a8b00000, 0x00000000a8b00000|100%|HS|  |TAMS 0x00000000a8b00000, 0x00000000a8a00000| Complete 
| 139|0x00000000a8b00000, 0x00000000a8c00000, 0x00000000a8c00000|100%| O|  |TAMS 0x00000000a8c00000, 0x00000000a8b00000| Untracked 
| 140|0x00000000a8c00000, 0x00000000a8c00000, 0x00000000a8d00000|  0%| F|  |TAMS 0x00000000a8c00000, 0x00000000a8c00000| Untracked 
| 141|0x00000000a8d00000, 0x00000000a8e00000, 0x00000000a8e00000|100%| O|  |TAMS 0x00000000a8d00000, 0x00000000a8d00000| Untracked 
| 142|0x00000000a8e00000, 0x00000000a8f00000, 0x00000000a8f00000|100%| O|  |TAMS 0x00000000a8e00000, 0x00000000a8e00000| Untracked 
| 143|0x00000000a8f00000, 0x00000000a9000000, 0x00000000a9000000|100%| O|  |TAMS 0x00000000a8f00000, 0x00000000a8f00000| Untracked 
| 144|0x00000000a9000000, 0x00000000a9100000, 0x00000000a9100000|100%| O|  |TAMS 0x00000000a9000000, 0x00000000a9000000| Untracked 
| 145|0x00000000a9100000, 0x00000000a9200000, 0x00000000a9200000|100%| O|  |TAMS 0x00000000a9100000, 0x00000000a9100000| Untracked 
| 146|0x00000000a9200000, 0x00000000a9300000, 0x00000000a9300000|100%| O|  |TAMS 0x00000000a9200000, 0x00000000a9200000| Untracked 
| 147|0x00000000a9300000, 0x00000000a9400000, 0x00000000a9400000|100%| O|  |TAMS 0x00000000a9300000, 0x00000000a9300000| Untracked 
| 148|0x00000000a9400000, 0x00000000a9500000, 0x00000000a9500000|100%| O|  |TAMS 0x00000000a9400000, 0x00000000a9400000| Untracked 
| 149|0x00000000a9500000, 0x00000000a9600000, 0x00000000a9600000|100%| O|  |TAMS 0x00000000a9500000, 0x00000000a9500000| Untracked 
| 150|0x00000000a9600000, 0x00000000a9700000, 0x00000000a9700000|100%| O|  |TAMS 0x00000000a9600000, 0x00000000a9600000| Untracked 
| 151|0x00000000a9700000, 0x00000000a9800000, 0x00000000a9800000|100%| O|  |TAMS 0x00000000a9700000, 0x00000000a9700000| Untracked 
| 152|0x00000000a9800000, 0x00000000a9900000, 0x00000000a9900000|100%| O|  |TAMS 0x00000000a9800000, 0x00000000a9800000| Untracked 
| 153|0x00000000a9900000, 0x00000000a9a00000, 0x00000000a9a00000|100%| O|  |TAMS 0x00000000a9900000, 0x00000000a9900000| Untracked 
| 154|0x00000000a9a00000, 0x00000000a9b00000, 0x00000000a9b00000|100%| O|  |TAMS 0x00000000a9a00000, 0x00000000a9a00000| Untracked 
| 155|0x00000000a9b00000, 0x00000000a9c00000, 0x00000000a9c00000|100%| O|  |TAMS 0x00000000a9b00000, 0x00000000a9b00000| Untracked 
| 156|0x00000000a9c00000, 0x00000000a9d00000, 0x00000000a9d00000|100%| O|  |TAMS 0x00000000a9c00000, 0x00000000a9c00000| Untracked 
| 157|0x00000000a9d00000, 0x00000000a9e00000, 0x00000000a9e00000|100%| O|  |TAMS 0x00000000a9d00000, 0x00000000a9d00000| Untracked 
| 158|0x00000000a9e00000, 0x00000000a9f00000, 0x00000000a9f00000|100%| O|  |TAMS 0x00000000a9e00000, 0x00000000a9e00000| Untracked 
| 159|0x00000000a9f00000, 0x00000000aa000000, 0x00000000aa000000|100%| O|  |TAMS 0x00000000a9f00000, 0x00000000a9f00000| Untracked 
| 160|0x00000000aa000000, 0x00000000aa100000, 0x00000000aa100000|100%| O|  |TAMS 0x00000000aa000000, 0x00000000aa000000| Untracked 
| 161|0x00000000aa100000, 0x00000000aa200000, 0x00000000aa200000|100%| O|  |TAMS 0x00000000aa100000, 0x00000000aa100000| Untracked 
| 162|0x00000000aa200000, 0x00000000aa300000, 0x00000000aa300000|100%| O|  |TAMS 0x00000000aa200000, 0x00000000aa200000| Untracked 
| 163|0x00000000aa300000, 0x00000000aa400000, 0x00000000aa400000|100%| O|  |TAMS 0x00000000aa300000, 0x00000000aa300000| Untracked 
| 164|0x00000000aa400000, 0x00000000aa500000, 0x00000000aa500000|100%| O|  |TAMS 0x00000000aa400000, 0x00000000aa400000| Untracked 
| 165|0x00000000aa500000, 0x00000000aa600000, 0x00000000aa600000|100%| O|  |TAMS 0x00000000aa500000, 0x00000000aa500000| Untracked 
| 166|0x00000000aa600000, 0x00000000aa600000, 0x00000000aa700000|  0%| F|  |TAMS 0x00000000aa600000, 0x00000000aa600000| Untracked 
| 167|0x00000000aa700000, 0x00000000aa700000, 0x00000000aa800000|  0%| F|  |TAMS 0x00000000aa700000, 0x00000000aa700000| Untracked 
| 168|0x00000000aa800000, 0x00000000aa800000, 0x00000000aa900000|  0%| F|  |TAMS 0x00000000aa800000, 0x00000000aa800000| Untracked 
| 169|0x00000000aa900000, 0x00000000aa900000, 0x00000000aaa00000|  0%| F|  |TAMS 0x00000000aa900000, 0x00000000aa900000| Untracked 
| 170|0x00000000aaa00000, 0x00000000aaa00000, 0x00000000aab00000|  0%| F|  |TAMS 0x00000000aaa00000, 0x00000000aaa00000| Untracked 
| 171|0x00000000aab00000, 0x00000000aab00000, 0x00000000aac00000|  0%| F|  |TAMS 0x00000000aab00000, 0x00000000aab00000| Untracked 
| 172|0x00000000aac00000, 0x00000000aac00000, 0x00000000aad00000|  0%| F|  |TAMS 0x00000000aac00000, 0x00000000aac00000| Untracked 
| 173|0x00000000aad00000, 0x00000000aad00000, 0x00000000aae00000|  0%| F|  |TAMS 0x00000000aad00000, 0x00000000aad00000| Untracked 
| 174|0x00000000aae00000, 0x00000000aae00000, 0x00000000aaf00000|  0%| F|  |TAMS 0x00000000aae00000, 0x00000000aae00000| Untracked 
| 175|0x00000000aaf00000, 0x00000000aaf00000, 0x00000000ab000000|  0%| F|  |TAMS 0x00000000aaf00000, 0x00000000aaf00000| Untracked 
| 176|0x00000000ab000000, 0x00000000ab000000, 0x00000000ab100000|  0%| F|  |TAMS 0x00000000ab000000, 0x00000000ab000000| Untracked 
| 177|0x00000000ab100000, 0x00000000ab100000, 0x00000000ab200000|  0%| F|  |TAMS 0x00000000ab100000, 0x00000000ab100000| Untracked 
| 178|0x00000000ab200000, 0x00000000ab200000, 0x00000000ab300000|  0%| F|  |TAMS 0x00000000ab200000, 0x00000000ab200000| Untracked 
| 179|0x00000000ab300000, 0x00000000ab300000, 0x00000000ab400000|  0%| F|  |TAMS 0x00000000ab300000, 0x00000000ab300000| Untracked 
| 180|0x00000000ab400000, 0x00000000ab400000, 0x00000000ab500000|  0%| F|  |TAMS 0x00000000ab400000, 0x00000000ab400000| Untracked 
| 181|0x00000000ab500000, 0x00000000ab500000, 0x00000000ab600000|  0%| F|  |TAMS 0x00000000ab500000, 0x00000000ab500000| Untracked 
| 182|0x00000000ab600000, 0x00000000ab600000, 0x00000000ab700000|  0%| F|  |TAMS 0x00000000ab600000, 0x00000000ab600000| Untracked 
| 183|0x00000000ab700000, 0x00000000ab700000, 0x00000000ab800000|  0%| F|  |TAMS 0x00000000ab700000, 0x00000000ab700000| Untracked 
| 184|0x00000000ab800000, 0x00000000ab800000, 0x00000000ab900000|  0%| F|  |TAMS 0x00000000ab800000, 0x00000000ab800000| Untracked 
| 185|0x00000000ab900000, 0x00000000ab900000, 0x00000000aba00000|  0%| F|  |TAMS 0x00000000ab900000, 0x00000000ab900000| Untracked 
| 186|0x00000000aba00000, 0x00000000aba00000, 0x00000000abb00000|  0%| F|  |TAMS 0x00000000aba00000, 0x00000000aba00000| Untracked 
| 187|0x00000000abb00000, 0x00000000abb00000, 0x00000000abc00000|  0%| F|  |TAMS 0x00000000abb00000, 0x00000000abb00000| Untracked 
| 188|0x00000000abc00000, 0x00000000abc00000, 0x00000000abd00000|  0%| F|  |TAMS 0x00000000abc00000, 0x00000000abc00000| Untracked 
| 189|0x00000000abd00000, 0x00000000abd00000, 0x00000000abe00000|  0%| F|  |TAMS 0x00000000abd00000, 0x00000000abd00000| Untracked 
| 190|0x00000000abe00000, 0x00000000abe00000, 0x00000000abf00000|  0%| F|  |TAMS 0x00000000abe00000, 0x00000000abe00000| Untracked 
| 191|0x00000000abf00000, 0x00000000abf00000, 0x00000000ac000000|  0%| F|  |TAMS 0x00000000abf00000, 0x00000000abf00000| Untracked 
| 192|0x00000000ac000000, 0x00000000ac000000, 0x00000000ac100000|  0%| F|  |TAMS 0x00000000ac000000, 0x00000000ac000000| Untracked 
| 193|0x00000000ac100000, 0x00000000ac100000, 0x00000000ac200000|  0%| F|  |TAMS 0x00000000ac100000, 0x00000000ac100000| Untracked 
| 194|0x00000000ac200000, 0x00000000ac200000, 0x00000000ac300000|  0%| F|  |TAMS 0x00000000ac200000, 0x00000000ac200000| Untracked 
| 195|0x00000000ac300000, 0x00000000ac300000, 0x00000000ac400000|  0%| F|  |TAMS 0x00000000ac300000, 0x00000000ac300000| Untracked 
| 196|0x00000000ac400000, 0x00000000ac400000, 0x00000000ac500000|  0%| F|  |TAMS 0x00000000ac400000, 0x00000000ac400000| Untracked 
| 197|0x00000000ac500000, 0x00000000ac500000, 0x00000000ac600000|  0%| F|  |TAMS 0x00000000ac500000, 0x00000000ac500000| Untracked 
| 198|0x00000000ac600000, 0x00000000ac600000, 0x00000000ac700000|  0%| F|  |TAMS 0x00000000ac600000, 0x00000000ac600000| Untracked 
| 199|0x00000000ac700000, 0x00000000ac700000, 0x00000000ac800000|  0%| F|  |TAMS 0x00000000ac700000, 0x00000000ac700000| Untracked 
| 200|0x00000000ac800000, 0x00000000ac800000, 0x00000000ac900000|  0%| F|  |TAMS 0x00000000ac800000, 0x00000000ac800000| Untracked 
| 201|0x00000000ac900000, 0x00000000ac900000, 0x00000000aca00000|  0%| F|  |TAMS 0x00000000ac900000, 0x00000000ac900000| Untracked 
| 202|0x00000000aca00000, 0x00000000aca00000, 0x00000000acb00000|  0%| F|  |TAMS 0x00000000aca00000, 0x00000000aca00000| Untracked 
| 203|0x00000000acb00000, 0x00000000acb00000, 0x00000000acc00000|  0%| F|  |TAMS 0x00000000acb00000, 0x00000000acb00000| Untracked 
| 204|0x00000000acc00000, 0x00000000acc00000, 0x00000000acd00000|  0%| F|  |TAMS 0x00000000acc00000, 0x00000000acc00000| Untracked 
| 205|0x00000000acd00000, 0x00000000acd00000, 0x00000000ace00000|  0%| F|  |TAMS 0x00000000acd00000, 0x00000000acd00000| Untracked 
| 206|0x00000000ace00000, 0x00000000ace00000, 0x00000000acf00000|  0%| F|  |TAMS 0x00000000ace00000, 0x00000000ace00000| Untracked 
| 207|0x00000000acf00000, 0x00000000acf00000, 0x00000000ad000000|  0%| F|  |TAMS 0x00000000acf00000, 0x00000000acf00000| Untracked 
| 208|0x00000000ad000000, 0x00000000ad000000, 0x00000000ad100000|  0%| F|  |TAMS 0x00000000ad000000, 0x00000000ad000000| Untracked 
| 209|0x00000000ad100000, 0x00000000ad100000, 0x00000000ad200000|  0%| F|  |TAMS 0x00000000ad100000, 0x00000000ad100000| Untracked 
| 210|0x00000000ad200000, 0x00000000ad200000, 0x00000000ad300000|  0%| F|  |TAMS 0x00000000ad200000, 0x00000000ad200000| Untracked 
| 211|0x00000000ad300000, 0x00000000ad300000, 0x00000000ad400000|  0%| F|  |TAMS 0x00000000ad300000, 0x00000000ad300000| Untracked 
| 212|0x00000000ad400000, 0x00000000ad400000, 0x00000000ad500000|  0%| F|  |TAMS 0x00000000ad400000, 0x00000000ad400000| Untracked 
| 213|0x00000000ad500000, 0x00000000ad500000, 0x00000000ad600000|  0%| F|  |TAMS 0x00000000ad500000, 0x00000000ad500000| Untracked 
| 214|0x00000000ad600000, 0x00000000ad600000, 0x00000000ad700000|  0%| F|  |TAMS 0x00000000ad600000, 0x00000000ad600000| Untracked 
| 215|0x00000000ad700000, 0x00000000ad700000, 0x00000000ad800000|  0%| F|  |TAMS 0x00000000ad700000, 0x00000000ad700000| Untracked 
| 216|0x00000000ad800000, 0x00000000ad800000, 0x00000000ad900000|  0%| F|  |TAMS 0x00000000ad800000, 0x00000000ad800000| Untracked 
| 217|0x00000000ad900000, 0x00000000ad900000, 0x00000000ada00000|  0%| F|  |TAMS 0x00000000ad900000, 0x00000000ad900000| Untracked 
| 218|0x00000000ada00000, 0x00000000ada00000, 0x00000000adb00000|  0%| F|  |TAMS 0x00000000ada00000, 0x00000000ada00000| Untracked 
| 219|0x00000000adb00000, 0x00000000adc00000, 0x00000000adc00000|100%| S|CS|TAMS 0x00000000adb00000, 0x00000000adb00000| Complete 
| 220|0x00000000adc00000, 0x00000000add00000, 0x00000000add00000|100%| S|CS|TAMS 0x00000000adc00000, 0x00000000adc00000| Complete 
| 221|0x00000000add00000, 0x00000000ade00000, 0x00000000ade00000|100%| S|CS|TAMS 0x00000000add00000, 0x00000000add00000| Complete 
| 222|0x00000000ade00000, 0x00000000adf00000, 0x00000000adf00000|100%| S|CS|TAMS 0x00000000ade00000, 0x00000000ade00000| Complete 
| 223|0x00000000adf00000, 0x00000000ae000000, 0x00000000ae000000|100%| S|CS|TAMS 0x00000000adf00000, 0x00000000adf00000| Complete 
| 224|0x00000000ae000000, 0x00000000ae100000, 0x00000000ae100000|100%| S|CS|TAMS 0x00000000ae000000, 0x00000000ae000000| Complete 
| 225|0x00000000ae100000, 0x00000000ae200000, 0x00000000ae200000|100%| S|CS|TAMS 0x00000000ae100000, 0x00000000ae100000| Complete 
| 226|0x00000000ae200000, 0x00000000ae300000, 0x00000000ae300000|100%| S|CS|TAMS 0x00000000ae200000, 0x00000000ae200000| Complete 
| 227|0x00000000ae300000, 0x00000000ae400000, 0x00000000ae400000|100%| S|CS|TAMS 0x00000000ae300000, 0x00000000ae300000| Complete 
| 228|0x00000000ae400000, 0x00000000ae500000, 0x00000000ae500000|100%| S|CS|TAMS 0x00000000ae400000, 0x00000000ae400000| Complete 
| 229|0x00000000ae500000, 0x00000000ae500000, 0x00000000ae600000|  0%| F|  |TAMS 0x00000000ae500000, 0x00000000ae500000| Untracked 
| 230|0x00000000ae600000, 0x00000000ae600000, 0x00000000ae700000|  0%| F|  |TAMS 0x00000000ae600000, 0x00000000ae600000| Untracked 
| 231|0x00000000ae700000, 0x00000000ae700000, 0x00000000ae800000|  0%| F|  |TAMS 0x00000000ae700000, 0x00000000ae700000| Untracked 
| 232|0x00000000ae800000, 0x00000000ae800000, 0x00000000ae900000|  0%| F|  |TAMS 0x00000000ae800000, 0x00000000ae800000| Untracked 
| 233|0x00000000ae900000, 0x00000000ae900000, 0x00000000aea00000|  0%| F|  |TAMS 0x00000000ae900000, 0x00000000ae900000| Untracked 
| 234|0x00000000aea00000, 0x00000000aea00000, 0x00000000aeb00000|  0%| F|  |TAMS 0x00000000aea00000, 0x00000000aea00000| Untracked 
| 235|0x00000000aeb00000, 0x00000000aeb00000, 0x00000000aec00000|  0%| F|  |TAMS 0x00000000aeb00000, 0x00000000aeb00000| Untracked 
| 236|0x00000000aec00000, 0x00000000aec00000, 0x00000000aed00000|  0%| F|  |TAMS 0x00000000aec00000, 0x00000000aec00000| Untracked 
| 237|0x00000000aed00000, 0x00000000aed00000, 0x00000000aee00000|  0%| F|  |TAMS 0x00000000aed00000, 0x00000000aed00000| Untracked 
| 238|0x00000000aee00000, 0x00000000aee00000, 0x00000000aef00000|  0%| F|  |TAMS 0x00000000aee00000, 0x00000000aee00000| Untracked 
| 239|0x00000000aef00000, 0x00000000aef00000, 0x00000000af000000|  0%| F|  |TAMS 0x00000000aef00000, 0x00000000aef00000| Untracked 
| 240|0x00000000af000000, 0x00000000af000000, 0x00000000af100000|  0%| F|  |TAMS 0x00000000af000000, 0x00000000af000000| Untracked 
| 241|0x00000000af100000, 0x00000000af100000, 0x00000000af200000|  0%| F|  |TAMS 0x00000000af100000, 0x00000000af100000| Untracked 
| 242|0x00000000af200000, 0x00000000af200000, 0x00000000af300000|  0%| F|  |TAMS 0x00000000af200000, 0x00000000af200000| Untracked 
| 243|0x00000000af300000, 0x00000000af300000, 0x00000000af400000|  0%| F|  |TAMS 0x00000000af300000, 0x00000000af300000| Untracked 
| 244|0x00000000af400000, 0x00000000af400000, 0x00000000af500000|  0%| F|  |TAMS 0x00000000af400000, 0x00000000af400000| Untracked 
| 245|0x00000000af500000, 0x00000000af500000, 0x00000000af600000|  0%| F|  |TAMS 0x00000000af500000, 0x00000000af500000| Untracked 
| 246|0x00000000af600000, 0x00000000af600000, 0x00000000af700000|  0%| F|  |TAMS 0x00000000af600000, 0x00000000af600000| Untracked 
| 247|0x00000000af700000, 0x00000000af700000, 0x00000000af800000|  0%| F|  |TAMS 0x00000000af700000, 0x00000000af700000| Untracked 
| 248|0x00000000af800000, 0x00000000af800000, 0x00000000af900000|  0%| F|  |TAMS 0x00000000af800000, 0x00000000af800000| Untracked 
| 249|0x00000000af900000, 0x00000000af900000, 0x00000000afa00000|  0%| F|  |TAMS 0x00000000af900000, 0x00000000af900000| Untracked 
| 250|0x00000000afa00000, 0x00000000afa00000, 0x00000000afb00000|  0%| F|  |TAMS 0x00000000afa00000, 0x00000000afa00000| Untracked 
| 251|0x00000000afb00000, 0x00000000afb00000, 0x00000000afc00000|  0%| F|  |TAMS 0x00000000afb00000, 0x00000000afb00000| Untracked 
| 252|0x00000000afc00000, 0x00000000afc00000, 0x00000000afd00000|  0%| F|  |TAMS 0x00000000afc00000, 0x00000000afc00000| Untracked 
| 253|0x00000000afd00000, 0x00000000afd00000, 0x00000000afe00000|  0%| F|  |TAMS 0x00000000afd00000, 0x00000000afd00000| Untracked 
| 254|0x00000000afe00000, 0x00000000afe00000, 0x00000000aff00000|  0%| F|  |TAMS 0x00000000afe00000, 0x00000000afe00000| Untracked 
| 255|0x00000000aff00000, 0x00000000aff00000, 0x00000000b0000000|  0%| F|  |TAMS 0x00000000aff00000, 0x00000000aff00000| Untracked 
| 256|0x00000000b0000000, 0x00000000b0000000, 0x00000000b0100000|  0%| F|  |TAMS 0x00000000b0000000, 0x00000000b0000000| Untracked 
| 257|0x00000000b0100000, 0x00000000b0100000, 0x00000000b0200000|  0%| F|  |TAMS 0x00000000b0100000, 0x00000000b0100000| Untracked 
| 258|0x00000000b0200000, 0x00000000b0200000, 0x00000000b0300000|  0%| F|  |TAMS 0x00000000b0200000, 0x00000000b0200000| Untracked 
| 259|0x00000000b0300000, 0x00000000b0300000, 0x00000000b0400000|  0%| F|  |TAMS 0x00000000b0300000, 0x00000000b0300000| Untracked 
| 260|0x00000000b0400000, 0x00000000b0400000, 0x00000000b0500000|  0%| F|  |TAMS 0x00000000b0400000, 0x00000000b0400000| Untracked 
| 261|0x00000000b0500000, 0x00000000b0500000, 0x00000000b0600000|  0%| F|  |TAMS 0x00000000b0500000, 0x00000000b0500000| Untracked 
| 262|0x00000000b0600000, 0x00000000b0600000, 0x00000000b0700000|  0%| F|  |TAMS 0x00000000b0600000, 0x00000000b0600000| Untracked 
| 263|0x00000000b0700000, 0x00000000b0700000, 0x00000000b0800000|  0%| F|  |TAMS 0x00000000b0700000, 0x00000000b0700000| Untracked 
| 264|0x00000000b0800000, 0x00000000b0800000, 0x00000000b0900000|  0%| F|  |TAMS 0x00000000b0800000, 0x00000000b0800000| Untracked 
| 265|0x00000000b0900000, 0x00000000b0900000, 0x00000000b0a00000|  0%| F|  |TAMS 0x00000000b0900000, 0x00000000b0900000| Untracked 
| 266|0x00000000b0a00000, 0x00000000b0a00000, 0x00000000b0b00000|  0%| F|  |TAMS 0x00000000b0a00000, 0x00000000b0a00000| Untracked 
| 267|0x00000000b0b00000, 0x00000000b0b00000, 0x00000000b0c00000|  0%| F|  |TAMS 0x00000000b0b00000, 0x00000000b0b00000| Untracked 
| 268|0x00000000b0c00000, 0x00000000b0c00000, 0x00000000b0d00000|  0%| F|  |TAMS 0x00000000b0c00000, 0x00000000b0c00000| Untracked 
| 269|0x00000000b0d00000, 0x00000000b0d00000, 0x00000000b0e00000|  0%| F|  |TAMS 0x00000000b0d00000, 0x00000000b0d00000| Untracked 
| 270|0x00000000b0e00000, 0x00000000b0e00000, 0x00000000b0f00000|  0%| F|  |TAMS 0x00000000b0e00000, 0x00000000b0e00000| Untracked 
| 271|0x00000000b0f00000, 0x00000000b0f00000, 0x00000000b1000000|  0%| F|  |TAMS 0x00000000b0f00000, 0x00000000b0f00000| Untracked 
| 272|0x00000000b1000000, 0x00000000b1000000, 0x00000000b1100000|  0%| F|  |TAMS 0x00000000b1000000, 0x00000000b1000000| Untracked 
| 273|0x00000000b1100000, 0x00000000b1100000, 0x00000000b1200000|  0%| F|  |TAMS 0x00000000b1100000, 0x00000000b1100000| Untracked 
| 274|0x00000000b1200000, 0x00000000b1200000, 0x00000000b1300000|  0%| F|  |TAMS 0x00000000b1200000, 0x00000000b1200000| Untracked 
| 275|0x00000000b1300000, 0x00000000b1300000, 0x00000000b1400000|  0%| F|  |TAMS 0x00000000b1300000, 0x00000000b1300000| Untracked 
| 276|0x00000000b1400000, 0x00000000b1400000, 0x00000000b1500000|  0%| F|  |TAMS 0x00000000b1400000, 0x00000000b1400000| Untracked 
| 277|0x00000000b1500000, 0x00000000b1500000, 0x00000000b1600000|  0%| F|  |TAMS 0x00000000b1500000, 0x00000000b1500000| Untracked 
| 278|0x00000000b1600000, 0x00000000b1600000, 0x00000000b1700000|  0%| F|  |TAMS 0x00000000b1600000, 0x00000000b1600000| Untracked 
| 279|0x00000000b1700000, 0x00000000b1700000, 0x00000000b1800000|  0%| F|  |TAMS 0x00000000b1700000, 0x00000000b1700000| Untracked 
| 280|0x00000000b1800000, 0x00000000b1800000, 0x00000000b1900000|  0%| F|  |TAMS 0x00000000b1800000, 0x00000000b1800000| Untracked 
| 281|0x00000000b1900000, 0x00000000b1900000, 0x00000000b1a00000|  0%| F|  |TAMS 0x00000000b1900000, 0x00000000b1900000| Untracked 
| 282|0x00000000b1a00000, 0x00000000b1a00000, 0x00000000b1b00000|  0%| F|  |TAMS 0x00000000b1a00000, 0x00000000b1a00000| Untracked 
| 283|0x00000000b1b00000, 0x00000000b1b00000, 0x00000000b1c00000|  0%| F|  |TAMS 0x00000000b1b00000, 0x00000000b1b00000| Untracked 
| 284|0x00000000b1c00000, 0x00000000b1c00000, 0x00000000b1d00000|  0%| F|  |TAMS 0x00000000b1c00000, 0x00000000b1c00000| Untracked 
| 285|0x00000000b1d00000, 0x00000000b1d00000, 0x00000000b1e00000|  0%| F|  |TAMS 0x00000000b1d00000, 0x00000000b1d00000| Untracked 
| 286|0x00000000b1e00000, 0x00000000b1e00000, 0x00000000b1f00000|  0%| F|  |TAMS 0x00000000b1e00000, 0x00000000b1e00000| Untracked 
| 287|0x00000000b1f00000, 0x00000000b1f00000, 0x00000000b2000000|  0%| F|  |TAMS 0x00000000b1f00000, 0x00000000b1f00000| Untracked 
| 288|0x00000000b2000000, 0x00000000b2000000, 0x00000000b2100000|  0%| F|  |TAMS 0x00000000b2000000, 0x00000000b2000000| Untracked 
| 289|0x00000000b2100000, 0x00000000b2100000, 0x00000000b2200000|  0%| F|  |TAMS 0x00000000b2100000, 0x00000000b2100000| Untracked 
| 290|0x00000000b2200000, 0x00000000b2200000, 0x00000000b2300000|  0%| F|  |TAMS 0x00000000b2200000, 0x00000000b2200000| Untracked 
| 291|0x00000000b2300000, 0x00000000b2300000, 0x00000000b2400000|  0%| F|  |TAMS 0x00000000b2300000, 0x00000000b2300000| Untracked 
| 292|0x00000000b2400000, 0x00000000b2400000, 0x00000000b2500000|  0%| F|  |TAMS 0x00000000b2400000, 0x00000000b2400000| Untracked 
| 293|0x00000000b2500000, 0x00000000b2500000, 0x00000000b2600000|  0%| F|  |TAMS 0x00000000b2500000, 0x00000000b2500000| Untracked 
| 294|0x00000000b2600000, 0x00000000b2600000, 0x00000000b2700000|  0%| F|  |TAMS 0x00000000b2600000, 0x00000000b2600000| Untracked 
| 295|0x00000000b2700000, 0x00000000b2700000, 0x00000000b2800000|  0%| F|  |TAMS 0x00000000b2700000, 0x00000000b2700000| Untracked 
| 296|0x00000000b2800000, 0x00000000b2800000, 0x00000000b2900000|  0%| F|  |TAMS 0x00000000b2800000, 0x00000000b2800000| Untracked 
| 297|0x00000000b2900000, 0x00000000b2900000, 0x00000000b2a00000|  0%| F|  |TAMS 0x00000000b2900000, 0x00000000b2900000| Untracked 
| 298|0x00000000b2a00000, 0x00000000b2a00000, 0x00000000b2b00000|  0%| F|  |TAMS 0x00000000b2a00000, 0x00000000b2a00000| Untracked 
| 299|0x00000000b2b00000, 0x00000000b2b00000, 0x00000000b2c00000|  0%| F|  |TAMS 0x00000000b2b00000, 0x00000000b2b00000| Untracked 
| 300|0x00000000b2c00000, 0x00000000b2c00000, 0x00000000b2d00000|  0%| F|  |TAMS 0x00000000b2c00000, 0x00000000b2c00000| Untracked 
| 301|0x00000000b2d00000, 0x00000000b2d00000, 0x00000000b2e00000|  0%| F|  |TAMS 0x00000000b2d00000, 0x00000000b2d00000| Untracked 
| 302|0x00000000b2e00000, 0x00000000b2e00000, 0x00000000b2f00000|  0%| F|  |TAMS 0x00000000b2e00000, 0x00000000b2e00000| Untracked 
| 303|0x00000000b2f00000, 0x00000000b2f00000, 0x00000000b3000000|  0%| F|  |TAMS 0x00000000b2f00000, 0x00000000b2f00000| Untracked 

Card table byte_map: [0x0000025c4f9d0000,0x0000025c4fcd0000] _byte_map_base: 0x0000025c4f4d0000

Marking Bits (Prev, Next): (CMBitMap*) 0x0000025c3d25c9c0, (CMBitMap*) 0x0000025c3d25ca00
 Prev Bits: [0x0000025c4ffd0000, 0x0000025c517d0000)
 Next Bits: [0x0000025c517d0000, 0x0000025c52fd0000)

Polling page: 0x0000025c3b030000

Metaspace:

Usage:
  Non-class:     97.60 MB used.
      Class:     15.32 MB used.
       Both:    112.92 MB used.

Virtual space:
  Non-class space:      104.00 MB reserved,      98.12 MB ( 94%) committed,  13 nodes.
      Class space:        1.00 GB reserved,      15.69 MB (  2%) committed,  1 nodes.
             Both:        1.10 GB reserved,     113.81 MB ( 10%) committed. 

Chunk freelists:
   Non-Class:  1.80 MB
       Class:  192.00 KB
        Both:  1.98 MB

MaxMetaspaceSize: unlimited
CompressedClassSpaceSize: 1.00 GB
Initial GC threshold: 21.00 MB
Current GC threshold: 183.06 MB
CDS: off
MetaspaceReclaimPolicy: balanced
 - commit_granule_bytes: 65536.
 - commit_granule_words: 8192.
 - virtual_space_node_default_size: 1048576.
 - enlarge_chunks_in_place: 1.
 - new_chunks_are_fully_committed: 0.
 - uncommit_free_chunks: 1.
 - use_allocation_guard: 0.
 - handle_deallocations: 1.


Internal statistics:

num_allocs_failed_limit: 6.
num_arena_births: 1192.
num_arena_deaths: 6.
num_vsnodes_births: 14.
num_vsnodes_deaths: 0.
num_space_committed: 1821.
num_space_uncommitted: 0.
num_chunks_returned_to_freelist: 15.
num_chunks_taken_from_freelist: 5658.
num_chunk_merges: 6.
num_chunk_splits: 3720.
num_chunks_enlarged: 2479.
num_purges: 2.
num_inconsistent_stats: 0.

CodeHeap 'non-profiled nmethods': size=120000Kb used=8822Kb max_used=9693Kb free=111177Kb
 bounds [0x0000025c481a0000, 0x0000025c48b30000, 0x0000025c4f6d0000]
CodeHeap 'profiled nmethods': size=120000Kb used=26857Kb max_used=28389Kb free=93142Kb
 bounds [0x0000025c406d0000, 0x0000025c42290000, 0x0000025c47c00000]
CodeHeap 'non-nmethods': size=5760Kb used=2443Kb max_used=2508Kb free=3316Kb
 bounds [0x0000025c47c00000, 0x0000025c47e90000, 0x0000025c481a0000]
 total_blobs=14807 nmethods=13828 adapters=891
 compilation: enabled
              stopped_count=0, restarted_count=0
 full_count=0

Compilation events (20 events):
Event: 284.226 Thread 0x0000025c56010bd0 16798       2       com.android.tools.r8.internal.d7::<init> (41 bytes)
Event: 284.226 Thread 0x0000025c56010bd0 nmethod 16798 0x0000025c41526e10 code [0x0000025c41526fa0, 0x0000025c415270f8]
Event: 284.226 Thread 0x0000025c56010bd0 16799       2       com.android.tools.r8.utils.C$$Lambda$1610/0x0000000100fae000::accept (21 bytes)
Event: 284.226 Thread 0x0000025c56010bd0 nmethod 16799 0x0000025c4179b410 code [0x0000025c4179b5a0, 0x0000025c4179b6e8]
Event: 284.231 Thread 0x0000025c56010bd0 16801       2       com.android.tools.r8.internal.C8::a (161 bytes)
Event: 284.231 Thread 0x0000025c56010bd0 nmethod 16801 0x0000025c409d0490 code [0x0000025c409d06e0, 0x0000025c409d10c8]
Event: 284.232 Thread 0x0000025c56010bd0 16802 %     3       com.android.tools.r8.internal.Pa::a @ 5712 (6176 bytes)
Event: 284.265 Thread 0x0000025c56010bd0 nmethod 16802% 0x0000025c421b2410 code [0x0000025c421b3a80, 0x0000025c421c7c78]
Event: 284.265 Thread 0x0000025c56010bd0 16804       2       com.android.tools.r8.graph.n0::L0 (25 bytes)
Event: 284.265 Thread 0x0000025c56010bd0 nmethod 16804 0x0000025c41fc5b10 code [0x0000025c41fc5ca0, 0x0000025c41fc5d98]
Event: 284.456 Thread 0x0000025c56010bd0 16805       1       com.android.tools.r8.internal.G7::x (2 bytes)
Event: 284.456 Thread 0x0000025c56010bd0 nmethod 16805 0x0000025c483bba90 code [0x0000025c483bbc20, 0x0000025c483bbcf8]
Event: 284.456 Thread 0x0000025c56010bd0 16806       1       com.android.tools.r8.internal.G7::G (5 bytes)
Event: 284.456 Thread 0x0000025c56010bd0 nmethod 16806 0x0000025c48889210 code [0x0000025c488893a0, 0x0000025c48889478]
Event: 284.461 Thread 0x0000025c56010bd0 16807       2       com.android.tools.r8.internal.cb::a (23 bytes)
Event: 284.461 Thread 0x0000025c56010bd0 nmethod 16807 0x0000025c40b90410 code [0x0000025c40b905c0, 0x0000025c40b90728]
Event: 284.463 Thread 0x0000025c56010130 nmethod 16654 0x0000025c48536210 code [0x0000025c48536920, 0x0000025c4853dda0]
Event: 284.464 Thread 0x0000025c56010130 16767       4       com.android.tools.r8.graph.a1::a (117 bytes)
Event: 284.487 Thread 0x0000025c56010130 nmethod 16767 0x0000025c48a52110 code [0x0000025c48a522a0, 0x0000025c48a52cb8]
Event: 284.488 Thread 0x0000025c56010130 16651       4       com.android.tools.r8.internal.Pa::a (1069 bytes)

GC Heap History (20 events):
Event: 258.057 GC heap after
{Heap after GC invocations=86 (full 0):
 garbage-first heap   total 177152K, used 130000K [0x00000000a0000000, 0x0000000100000000)
  region size 1024K, 2 young (2048K), 2 survivors (2048K)
 Metaspace       used 109301K, committed 110208K, reserved 1146880K
  class space    used 14835K, committed 15232K, reserved 1048576K
}
Event: 258.652 GC heap before
{Heap before GC invocations=86 (full 0):
 garbage-first heap   total 177152K, used 155600K [0x00000000a0000000, 0x0000000100000000)
  region size 1024K, 23 young (23552K), 2 survivors (2048K)
 Metaspace       used 109583K, committed 110528K, reserved 1146880K
  class space    used 14876K, committed 15296K, reserved 1048576K
}
Event: 258.661 GC heap after
{Heap after GC invocations=87 (full 0):
 garbage-first heap   total 177152K, used 134746K [0x00000000a0000000, 0x0000000100000000)
  region size 1024K, 3 young (3072K), 3 survivors (3072K)
 Metaspace       used 109583K, committed 110528K, reserved 1146880K
  class space    used 14876K, committed 15296K, reserved 1048576K
}
Event: 258.823 GC heap before
{Heap before GC invocations=87 (full 0):
 garbage-first heap   total 177152K, used 151130K [0x00000000a0000000, 0x0000000100000000)
  region size 1024K, 20 young (20480K), 3 survivors (3072K)
 Metaspace       used 109776K, committed 110720K, reserved 1146880K
  class space    used 14902K, committed 15296K, reserved 1048576K
}
Event: 258.838 GC heap after
{Heap after GC invocations=88 (full 0):
 garbage-first heap   total 177152K, used 138496K [0x00000000a0000000, 0x0000000100000000)
  region size 1024K, 3 young (3072K), 3 survivors (3072K)
 Metaspace       used 109776K, committed 110720K, reserved 1146880K
  class space    used 14902K, committed 15296K, reserved 1048576K
}
Event: 259.353 GC heap before
{Heap before GC invocations=88 (full 0):
 garbage-first heap   total 177152K, used 150784K [0x00000000a0000000, 0x0000000100000000)
  region size 1024K, 16 young (16384K), 3 survivors (3072K)
 Metaspace       used 110088K, committed 110976K, reserved 1146880K
  class space    used 14955K, committed 15360K, reserved 1048576K
}
Event: 259.371 GC heap after
{Heap after GC invocations=89 (full 0):
 garbage-first heap   total 177152K, used 142005K [0x00000000a0000000, 0x0000000100000000)
  region size 1024K, 2 young (2048K), 2 survivors (2048K)
 Metaspace       used 110088K, committed 110976K, reserved 1146880K
  class space    used 14955K, committed 15360K, reserved 1048576K
}
Event: 259.724 GC heap before
{Heap before GC invocations=89 (full 0):
 garbage-first heap   total 177152K, used 153269K [0x00000000a0000000, 0x0000000100000000)
  region size 1024K, 12 young (12288K), 2 survivors (2048K)
 Metaspace       used 110219K, committed 111104K, reserved 1146880K
  class space    used 14966K, committed 15360K, reserved 1048576K
}
Event: 259.730 GC heap after
{Heap after GC invocations=90 (full 0):
 garbage-first heap   total 177152K, used 146412K [0x00000000a0000000, 0x0000000100000000)
  region size 1024K, 2 young (2048K), 2 survivors (2048K)
 Metaspace       used 110219K, committed 111104K, reserved 1146880K
  class space    used 14966K, committed 15360K, reserved 1048576K
}
Event: 259.819 GC heap before
{Heap before GC invocations=90 (full 0):
 garbage-first heap   total 177152K, used 152556K [0x00000000a0000000, 0x0000000100000000)
  region size 1024K, 9 young (9216K), 2 survivors (2048K)
 Metaspace       used 110263K, committed 111232K, reserved 1146880K
  class space    used 14973K, committed 15424K, reserved 1048576K
}
Event: 259.856 GC heap after
{Heap after GC invocations=91 (full 0):
 garbage-first heap   total 230400K, used 146432K [0x00000000a0000000, 0x0000000100000000)
  region size 1024K, 2 young (2048K), 2 survivors (2048K)
 Metaspace       used 110263K, committed 111232K, reserved 1146880K
  class space    used 14973K, committed 15424K, reserved 1048576K
}
Event: 261.089 GC heap before
{Heap before GC invocations=91 (full 0):
 garbage-first heap   total 230400K, used 184320K [0x00000000a0000000, 0x0000000100000000)
  region size 1024K, 40 young (40960K), 2 survivors (2048K)
 Metaspace       used 110836K, committed 111808K, reserved 1146880K
  class space    used 15042K, committed 15488K, reserved 1048576K
}
Event: 261.162 GC heap after
{Heap after GC invocations=92 (full 0):
 garbage-first heap   total 230400K, used 154923K [0x00000000a0000000, 0x0000000100000000)
  region size 1024K, 5 young (5120K), 5 survivors (5120K)
 Metaspace       used 110836K, committed 111808K, reserved 1146880K
  class space    used 15042K, committed 15488K, reserved 1048576K
}
Event: 274.874 GC heap before
{Heap before GC invocations=92 (full 0):
 garbage-first heap   total 311296K, used 186667K [0x00000000a0000000, 0x0000000100000000)
  region size 1024K, 36 young (36864K), 5 survivors (5120K)
 Metaspace       used 111555K, committed 112448K, reserved 1146880K
  class space    used 15144K, committed 15552K, reserved 1048576K
}
Event: 275.003 GC heap after
{Heap after GC invocations=93 (full 0):
 garbage-first heap   total 311296K, used 157658K [0x00000000a0000000, 0x0000000100000000)
  region size 1024K, 5 young (5120K), 5 survivors (5120K)
 Metaspace       used 111555K, committed 112448K, reserved 1146880K
  class space    used 15144K, committed 15552K, reserved 1048576K
}
Event: 279.888 GC heap before
{Heap before GC invocations=94 (full 0):
 garbage-first heap   total 311296K, used 237530K [0x00000000a0000000, 0x0000000100000000)
  region size 1024K, 83 young (84992K), 5 survivors (5120K)
 Metaspace       used 114404K, committed 115328K, reserved 1155072K
  class space    used 15554K, committed 15936K, reserved 1048576K
}
Event: 279.995 GC heap after
{Heap after GC invocations=95 (full 0):
 garbage-first heap   total 311296K, used 167137K [0x00000000a0000000, 0x0000000100000000)
  region size 1024K, 11 young (11264K), 11 survivors (11264K)
 Metaspace       used 114404K, committed 115328K, reserved 1155072K
  class space    used 15554K, committed 15936K, reserved 1048576K
}
Event: 280.919 GC heap before
{Heap before GC invocations=95 (full 0):
 garbage-first heap   total 311296K, used 171233K [0x00000000a0000000, 0x0000000100000000)
  region size 1024K, 15 young (15360K), 11 survivors (11264K)
 Metaspace       used 114491K, committed 115392K, reserved 1155072K
  class space    used 15562K, committed 15936K, reserved 1048576K
}
Event: 281.087 GC heap after
{Heap after GC invocations=96 (full 0):
 garbage-first heap   total 311296K, used 165777K [0x00000000a0000000, 0x0000000100000000)
  region size 1024K, 2 young (2048K), 2 survivors (2048K)
 Metaspace       used 114491K, committed 115392K, reserved 1155072K
  class space    used 15562K, committed 15936K, reserved 1048576K
}
Event: 284.528 GC heap before
{Heap before GC invocations=96 (full 0):
 garbage-first heap   total 311296K, used 240529K [0x00000000a0000000, 0x0000000100000000)
  region size 1024K, 75 young (76800K), 2 survivors (2048K)
 Metaspace       used 115630K, committed 116544K, reserved 1155072K
  class space    used 15687K, committed 16064K, reserved 1048576K
}

Dll operation events (2 events):
Event: 0.366 Loaded shared library C:\Program Files\Android\Android Studio\jbr\bin\java.dll
Event: 12.814 Loaded shared library C:\Program Files\Android\Android Studio\jbr\bin\verify.dll

Deoptimization events (20 events):
Event: 284.246 Thread 0x0000025c578f0220 DEOPT PACKING pc=0x0000025c422887a0 sp=0x000000853f0f9bf0
Event: 284.246 Thread 0x0000025c578f0220 DEOPT UNPACKING pc=0x0000025c47c5ace3 sp=0x000000853f0f9118 mode 0
Event: 284.247 Thread 0x0000025c578f0220 DEOPT PACKING pc=0x0000025c422887a0 sp=0x000000853f0f9bf0
Event: 284.247 Thread 0x0000025c578f0220 DEOPT UNPACKING pc=0x0000025c47c5ace3 sp=0x000000853f0f9118 mode 0
Event: 284.247 Thread 0x0000025c578f0220 DEOPT PACKING pc=0x0000025c422888d8 sp=0x000000853f0f9b70
Event: 284.247 Thread 0x0000025c578f0220 DEOPT UNPACKING pc=0x0000025c47c5ace3 sp=0x000000853f0f9098 mode 0
Event: 284.253 Thread 0x0000025c578f0220 DEOPT PACKING pc=0x0000025c422888d8 sp=0x000000853f0f9bc0
Event: 284.253 Thread 0x0000025c578f0220 DEOPT UNPACKING pc=0x0000025c47c5ace3 sp=0x000000853f0f90e8 mode 0
Event: 284.436 Thread 0x0000025c578ee540 DEOPT PACKING pc=0x0000025c422887a0 sp=0x000000853fff68a0
Event: 284.436 Thread 0x0000025c578ee540 DEOPT UNPACKING pc=0x0000025c47c5ace3 sp=0x000000853fff5dc8 mode 0
Event: 284.453 Thread 0x0000025c578f0220 DEOPT PACKING pc=0x0000025c422888d8 sp=0x000000853f0f9bc0
Event: 284.453 Thread 0x0000025c578ee540 DEOPT PACKING pc=0x0000025c422888d8 sp=0x000000853fff68a0
Event: 284.453 Thread 0x0000025c578f0220 DEOPT UNPACKING pc=0x0000025c47c5ace3 sp=0x000000853f0f90e8 mode 0
Event: 284.453 Thread 0x0000025c578ee540 DEOPT UNPACKING pc=0x0000025c47c5ace3 sp=0x000000853fff5dc8 mode 0
Event: 284.463 Thread 0x0000025c578ee540 DEOPT PACKING pc=0x0000025c422888d8 sp=0x000000853fff68a0
Event: 284.463 Thread 0x0000025c578ee540 DEOPT UNPACKING pc=0x0000025c47c5ace3 sp=0x000000853fff5dc8 mode 0
Event: 284.485 Thread 0x0000025c578f0220 DEOPT PACKING pc=0x0000025c422887a0 sp=0x000000853f0f9bc0
Event: 284.485 Thread 0x0000025c578f0220 DEOPT UNPACKING pc=0x0000025c47c5ace3 sp=0x000000853f0f90e8 mode 0
Event: 284.486 Thread 0x0000025c578f0220 DEOPT PACKING pc=0x0000025c422888d8 sp=0x000000853f0f9b70
Event: 284.486 Thread 0x0000025c578f0220 DEOPT UNPACKING pc=0x0000025c47c5ace3 sp=0x000000853f0f9098 mode 0

Classes unloaded (3 events):
Event: 264.731 Thread 0x0000025c55483ed0 Unloading class 0x0000000100e64000 'java/lang/invoke/LambdaForm$DMH+0x0000000100e64000'
Event: 264.731 Thread 0x0000025c55483ed0 Unloading class 0x0000000100e64800 'java/lang/invoke/LambdaForm$DMH+0x0000000100e64800'
Event: 264.731 Thread 0x0000025c55483ed0 Unloading class 0x0000000100e64c00 'java/lang/invoke/LambdaForm$DMH+0x0000000100e64c00'

Classes redefined (0 events):
No events

Internal exceptions (20 events):
Event: 246.374 Thread 0x0000025c578edba0 Exception <a 'sun/nio/fs/WindowsException'{0x00000000aa4727c0}> (0x00000000aa4727c0) 
thrown [s\src\hotspot\share\prims\jni.cpp, line 517]
Event: 246.423 Thread 0x0000025c578edba0 Exception <a 'sun/nio/fs/WindowsException'{0x00000000aa4738c0}> (0x00000000aa4738c0) 
thrown [s\src\hotspot\share\prims\jni.cpp, line 517]
Event: 252.697 Thread 0x0000025c5f3312c0 Exception <a 'sun/nio/fs/WindowsException'{0x00000000aa38ee48}> (0x00000000aa38ee48) 
thrown [s\src\hotspot\share\prims\jni.cpp, line 517]
Event: 254.409 Thread 0x0000025c578ec390 Implicit null exception at 0x0000025c484bd0db to 0x0000025c484bd164
Event: 259.405 Thread 0x0000025c578f1a30 Exception <a 'sun/nio/fs/WindowsException'{0x00000000aa987438}> (0x00000000aa987438) 
thrown [s\src\hotspot\share\prims\jni.cpp, line 517]
Event: 260.762 Thread 0x0000025c578ee540 Exception <a 'sun/nio/fs/WindowsException'{0x00000000abf1e688}> (0x00000000abf1e688) 
thrown [s\src\hotspot\share\prims\jni.cpp, line 517]
Event: 261.305 Thread 0x0000025c578f0220 Exception <a 'sun/nio/fs/WindowsException'{0x00000000adec4a78}> (0x00000000adec4a78) 
thrown [s\src\hotspot\share\prims\jni.cpp, line 517]
Event: 276.690 Thread 0x0000025c578f1a30 Exception <a 'java/lang/NoSuchMethodError'{0x00000000b23d1438}: 'java.lang.Object java.lang.invoke.DirectMethodHandle$Holder.invokeStaticInit(java.lang.Object, java.lang.Object, java.lang.Object, java.lang.Object, java.lang.Object, java.lang.Object, java.lang.Object, java.lang.Object, java.lang.Object, java.lang.Object, java.lang.Object, java.lang.Object, java.lang.Object, java.lang.Object, java.lang.Object, java.lang.Object, java.lang.Object, java.lang.Object, int, java.lang.Object, java.lang.Object)'> (0
Event: 278.033 Thread 0x0000025c578ee540 Exception <a 'java/lang/IncompatibleClassChangeError'{0x00000000b21839d0}: Found class java.lang.Object, but interface was expected> (0x00000000b21839d0) 
thrown [s\src\hotspot\share\interpreter\linkResolver.cpp, line 838]
Event: 278.050 Thread 0x0000025c578f1a30 Exception <a 'java/lang/IncompatibleClassChangeError'{0x00000000b20f29d0}: Found class java.lang.Object, but interface was expected> (0x00000000b20f29d0) 
thrown [s\src\hotspot\share\interpreter\linkResolver.cpp, line 838]
Event: 278.051 Thread 0x0000025c578f0220 Exception <a 'java/lang/IncompatibleClassChangeError'{0x00000000b241cc70}: Found class java.lang.Object, but interface was expected> (0x00000000b241cc70) 
thrown [s\src\hotspot\share\interpreter\linkResolver.cpp, line 838]
Event: 278.166 Thread 0x0000025c5f3312c0 Exception <a 'java/lang/NoSuchMethodError'{0x00000000b1b45898}: 'java.lang.Object java.lang.invoke.DirectMethodHandle$Holder.invokeVirtual(java.lang.Object, java.lang.Object, int)'> (0x00000000b1b45898) 
thrown [s\src\hotspot\share\interpreter\linkResolver.cpp, line 771]
Event: 278.174 Thread 0x0000025c578f1a30 Exception <a 'java/lang/NoSuchMethodError'{0x00000000b1a0cce0}: 'java.lang.Object java.lang.invoke.DirectMethodHandle$Holder.newInvokeSpecial(java.lang.Object, java.lang.Object, int, java.lang.Object, java.lang.Object)'> (0x00000000b1a0cce0) 
thrown [s\src\hotspot\share\interpreter\linkResolver.cpp, line 771]
Event: 278.192 Thread 0x0000025c578f1a30 Exception <a 'java/lang/NoSuchMethodError'{0x00000000b1a118e8}: 'java.lang.Object java.lang.invoke.DirectMethodHandle$Holder.invokeSpecial(java.lang.Object, java.lang.Object, java.lang.Object, int, java.lang.Object, java.lang.Object)'> (0x00000000b1a118e8) 
thrown [s\src\hotspot\share\interpreter\linkResolver.cpp, line 771]
Event: 278.193 Thread 0x0000025c578f1a30 Exception <a 'java/lang/NoSuchMethodError'{0x00000000b1a15e28}: 'java.lang.Object java.lang.invoke.Invokers$Holder.linkToTargetMethod(java.lang.Object, int, java.lang.Object, java.lang.Object, java.lang.Object)'> (0x00000000b1a15e28) 
thrown [s\src\hotspot\share\interpreter\linkResolver.cpp, line 771]
Event: 278.211 Thread 0x0000025c5f3312c0 Exception <a 'java/lang/NoSuchMethodError'{0x00000000b1b664e8}: 'void java.lang.invoke.DirectMethodHandle$Holder.invokeStatic(java.lang.Object, java.lang.Object, java.lang.Object, int)'> (0x00000000b1b664e8) 
thrown [s\src\hotspot\share\interpreter\linkResolver.cpp, line 771]
Event: 279.326 Thread 0x0000025c5f3312c0 Implicit null exception at 0x0000025c48a5c0b0 to 0x0000025c48a5c0c7
Event: 279.847 Thread 0x0000025c578f1a30 Exception <a 'java/lang/IncompatibleClassChangeError'{0x00000000ae08ad78}: Found class java.lang.Object, but interface was expected> (0x00000000ae08ad78) 
thrown [s\src\hotspot\share\interpreter\linkResolver.cpp, line 838]
Event: 281.656 Thread 0x0000025c578f1a30 Implicit null exception at 0x0000025c48ae90ab to 0x0000025c48aea7b0
Event: 281.657 Thread 0x0000025c578f1a30 Implicit null exception at 0x0000025c48ae90ab to 0x0000025c48aea7b0

VM Operations (20 events):
Event: 281.095 Executing VM operation: G1CollectForAllocation done
Event: 281.101 Executing VM operation: HandshakeAllThreads
Event: 281.134 Executing VM operation: HandshakeAllThreads done
Event: 282.149 Executing VM operation: Cleanup
Event: 282.191 Executing VM operation: Cleanup done
Event: 282.442 Executing VM operation: HandshakeAllThreads
Event: 282.443 Executing VM operation: HandshakeAllThreads done
Event: 282.940 Executing VM operation: HandshakeAllThreads
Event: 282.976 Executing VM operation: HandshakeAllThreads done
Event: 282.977 Executing VM operation: HandshakeAllThreads
Event: 283.008 Executing VM operation: HandshakeAllThreads done
Event: 283.613 Executing VM operation: HandshakeAllThreads
Event: 283.657 Executing VM operation: HandshakeAllThreads done
Event: 283.657 Executing VM operation: Cleanup
Event: 283.753 Executing VM operation: Cleanup done
Event: 283.812 Executing VM operation: HandshakeAllThreads
Event: 283.829 Executing VM operation: HandshakeAllThreads done
Event: 283.830 Executing VM operation: HandshakeAllThreads
Event: 283.830 Executing VM operation: HandshakeAllThreads done
Event: 284.505 Executing VM operation: G1CollectForAllocation

Events (20 events):
Event: 283.861 Thread 0x0000025c554fe610 flushing nmethod 0x0000025c420ac010
Event: 283.861 Thread 0x0000025c554fe610 flushing nmethod 0x0000025c420af990
Event: 283.861 Thread 0x0000025c554fe610 flushing nmethod 0x0000025c420b0790
Event: 283.861 Thread 0x0000025c554fe610 flushing nmethod 0x0000025c420b3310
Event: 283.861 Thread 0x0000025c554fe610 flushing nmethod 0x0000025c420b3c10
Event: 283.861 Thread 0x0000025c554fe610 flushing nmethod 0x0000025c420b7810
Event: 283.861 Thread 0x0000025c554fe610 flushing nmethod 0x0000025c420c2390
Event: 283.861 Thread 0x0000025c554fe610 flushing nmethod 0x0000025c420c6910
Event: 283.861 Thread 0x0000025c554fe610 flushing nmethod 0x0000025c420c9190
Event: 283.861 Thread 0x0000025c554fe610 flushing nmethod 0x0000025c420ce290
Event: 283.861 Thread 0x0000025c554fe610 flushing nmethod 0x0000025c420cfb90
Event: 283.861 Thread 0x0000025c554fe610 flushing nmethod 0x0000025c420d0610
Event: 283.861 Thread 0x0000025c554fe610 flushing nmethod 0x0000025c420d0c10
Event: 283.861 Thread 0x0000025c554fe610 flushing nmethod 0x0000025c420d2290
Event: 283.861 Thread 0x0000025c554fe610 flushing nmethod 0x0000025c420d6d90
Event: 283.861 Thread 0x0000025c554fe610 flushing nmethod 0x0000025c420fe390
Event: 283.861 Thread 0x0000025c554fe610 flushing nmethod 0x0000025c42105590
Event: 283.861 Thread 0x0000025c554fe610 flushing nmethod 0x0000025c42108110
Event: 283.861 Thread 0x0000025c554fe610 flushing nmethod 0x0000025c42125310
Event: 283.861 Thread 0x0000025c554fe610 flushing nmethod 0x0000025c421a9a10


Dynamic libraries:
0x00007ff6c6dc0000 - 0x00007ff6c6dca000 	C:\Program Files\Android\Android Studio\jbr\bin\java.exe
0x00007ff8a2550000 - 0x00007ff8a2748000 	C:\Windows\SYSTEM32\ntdll.dll
0x00007ff8a13e0000 - 0x00007ff8a149d000 	C:\Windows\System32\KERNEL32.DLL
0x00007ff8a0140000 - 0x00007ff8a0436000 	C:\Windows\System32\KERNELBASE.dll
0x00007ff89d130000 - 0x00007ff89d1c1000 	C:\Windows\SYSTEM32\apphelp.dll
0x00007ff89ffb0000 - 0x00007ff8a00b0000 	C:\Windows\System32\ucrtbase.dll
0x00007ff880720000 - 0x00007ff88073b000 	C:\Program Files\Android\Android Studio\jbr\bin\VCRUNTIME140.dll
0x00007ff880700000 - 0x00007ff880717000 	C:\Program Files\Android\Android Studio\jbr\bin\jli.dll
0x00007ff8a0e00000 - 0x00007ff8a0f9e000 	C:\Windows\System32\USER32.dll
0x00007ff89ff80000 - 0x00007ff89ffa2000 	C:\Windows\System32\win32u.dll
0x00007ff8a05b0000 - 0x00007ff8a05dc000 	C:\Windows\System32\GDI32.dll
0x00007ff89fe60000 - 0x00007ff89ff7a000 	C:\Windows\System32\gdi32full.dll
0x00007ff89fc60000 - 0x00007ff89fcfd000 	C:\Windows\System32\msvcp_win.dll
0x00007ff891240000 - 0x00007ff8914da000 	C:\Windows\WinSxS\amd64_microsoft.windows.common-controls_6595b64144ccf1df_6.0.19041.1110_none_60b5254171f9507e\COMCTL32.dll
0x00007ff8a2180000 - 0x00007ff8a221e000 	C:\Windows\System32\msvcrt.dll
0x00007ff8a2150000 - 0x00007ff8a2180000 	C:\Windows\System32\IMM32.DLL
0x00007ff8882f0000 - 0x00007ff8882fc000 	C:\Program Files\Android\Android Studio\jbr\bin\vcruntime140_1.dll
0x00007ff85adf0000 - 0x00007ff85ae7d000 	C:\Program Files\Android\Android Studio\jbr\bin\msvcp140.dll
0x00007ff850600000 - 0x00007ff85126d000 	C:\Program Files\Android\Android Studio\jbr\bin\server\jvm.dll
0x00007ff8a18a0000 - 0x00007ff8a194e000 	C:\Windows\System32\ADVAPI32.dll
0x00007ff8a14a0000 - 0x00007ff8a153c000 	C:\Windows\System32\sechost.dll
0x00007ff8a1770000 - 0x00007ff8a1896000 	C:\Windows\System32\RPCRT4.dll
0x00007ff890b40000 - 0x00007ff890b49000 	C:\Windows\SYSTEM32\WSOCK32.dll
0x00007ff8a2350000 - 0x00007ff8a23bb000 	C:\Windows\System32\WS2_32.dll
0x00007ff884ec0000 - 0x00007ff884ee7000 	C:\Windows\SYSTEM32\WINMM.dll
0x00007ff897e50000 - 0x00007ff897e5a000 	C:\Windows\SYSTEM32\VERSION.dll
0x00007ff89e4a0000 - 0x00007ff89e4b2000 	C:\Windows\SYSTEM32\kernel.appcore.dll
0x00007ff88f650000 - 0x00007ff88f65a000 	C:\Program Files\Android\Android Studio\jbr\bin\jimage.dll
0x00007ff89e150000 - 0x00007ff89e334000 	C:\Windows\SYSTEM32\DBGHELP.DLL
0x00007ff888520000 - 0x00007ff888554000 	C:\Windows\SYSTEM32\dbgcore.DLL
0x00007ff8a00b0000 - 0x00007ff8a0132000 	C:\Windows\System32\bcryptPrimitives.dll
0x00007ff886280000 - 0x00007ff8862a5000 	C:\Program Files\Android\Android Studio\jbr\bin\java.dll
0x00007ff886260000 - 0x00007ff886278000 	C:\Program Files\Android\Android Studio\jbr\bin\zip.dll
0x00007ff8a06b0000 - 0x00007ff8a0df5000 	C:\Windows\System32\SHELL32.dll
0x00007ff89d9b0000 - 0x00007ff89e14b000 	C:\Windows\SYSTEM32\windows.storage.dll
0x00007ff8a1020000 - 0x00007ff8a1374000 	C:\Windows\System32\combase.dll
0x00007ff89f5a0000 - 0x00007ff89f5ce000 	C:\Windows\SYSTEM32\Wldp.dll
0x00007ff8a2460000 - 0x00007ff8a250d000 	C:\Windows\System32\SHCORE.dll
0x00007ff8a0fa0000 - 0x00007ff8a0ff5000 	C:\Windows\System32\shlwapi.dll
0x00007ff89fb60000 - 0x00007ff89fb85000 	C:\Windows\SYSTEM32\profapi.dll
0x00007ff886240000 - 0x00007ff886259000 	C:\Program Files\Android\Android Studio\jbr\bin\net.dll
0x00007ff896af0000 - 0x00007ff896bfa000 	C:\Windows\SYSTEM32\WINHTTP.dll
0x00007ff89f300000 - 0x00007ff89f36a000 	C:\Windows\system32\mswsock.dll
0x00007ff886220000 - 0x00007ff886236000 	C:\Program Files\Android\Android Studio\jbr\bin\nio.dll
0x00007ff888260000 - 0x00007ff888270000 	C:\Program Files\Android\Android Studio\jbr\bin\verify.dll
0x00007ff87bb70000 - 0x00007ff87bb97000 	C:\Users\A\.gradle\native\e1d6ef7f7dcc3fd88c89a11ec53ec762bb8ba0a96d01ffa2cd45eb1d1d8dd5c5\windows-amd64\native-platform.dll
0x00007ff8519d0000 - 0x00007ff851b14000 	C:\Users\A\.gradle\native\0d407fdbe67a94daf76414ababcb853783967236a71b16ec16e742cd7a986fd3\windows-amd64\native-platform-file-events.dll
0x00007ff88f570000 - 0x00007ff88f579000 	C:\Program Files\Android\Android Studio\jbr\bin\management.dll
0x00007ff8882c0000 - 0x00007ff8882cb000 	C:\Program Files\Android\Android Studio\jbr\bin\management_ext.dll
0x00007ff8a2450000 - 0x00007ff8a2458000 	C:\Windows\System32\PSAPI.DLL
0x00007ff89f500000 - 0x00007ff89f518000 	C:\Windows\SYSTEM32\CRYPTSP.dll
0x00007ff89ec10000 - 0x00007ff89ec44000 	C:\Windows\system32\rsaenh.dll
0x00007ff89fc30000 - 0x00007ff89fc57000 	C:\Windows\System32\bcrypt.dll
0x00007ff89fb20000 - 0x00007ff89fb4e000 	C:\Windows\SYSTEM32\USERENV.dll
0x00007ff89f4f0000 - 0x00007ff89f4fc000 	C:\Windows\SYSTEM32\CRYPTBASE.dll
0x00007ff89eff0000 - 0x00007ff89f02b000 	C:\Windows\SYSTEM32\IPHLPAPI.DLL
0x00007ff8a2440000 - 0x00007ff8a2448000 	C:\Windows\System32\NSI.dll
0x00007ff896d80000 - 0x00007ff896d97000 	C:\Windows\SYSTEM32\dhcpcsvc6.DLL
0x00007ff897f10000 - 0x00007ff897f2d000 	C:\Windows\SYSTEM32\dhcpcsvc.DLL
0x00007ff89f030000 - 0x00007ff89f0fa000 	C:\Windows\SYSTEM32\DNSAPI.dll
0x00007ff8881e0000 - 0x00007ff8881e7000 	C:\Windows\system32\wshunix.dll

dbghelp: loaded successfully - version: 4.0.5 - missing functions: none
symbol engine: initialized successfully - sym options: 0x614 - pdb path: .;C:\Program Files\Android\Android Studio\jbr\bin;C:\Windows\SYSTEM32;C:\Windows\WinSxS\amd64_microsoft.windows.common-controls_6595b64144ccf1df_6.0.19041.1110_none_60b5254171f9507e;C:\Program Files\Android\Android Studio\jbr\bin\server;C:\Users\A\.gradle\native\e1d6ef7f7dcc3fd88c89a11ec53ec762bb8ba0a96d01ffa2cd45eb1d1d8dd5c5\windows-amd64;C:\Users\A\.gradle\native\0d407fdbe67a94daf76414ababcb853783967236a71b16ec16e742cd7a986fd3\windows-amd64

VM Arguments:
jvm_args: --add-opens=java.base/java.util=ALL-UNNAMED --add-opens=java.base/java.lang=ALL-UNNAMED --add-opens=java.base/java.lang.invoke=ALL-UNNAMED --add-opens=java.base/java.util=ALL-UNNAMED --add-opens=java.prefs/java.util.prefs=ALL-UNNAMED --add-opens=java.prefs/java.util.prefs=ALL-UNNAMED --add-opens=java.base/java.nio.charset=ALL-UNNAMED --add-opens=java.base/java.net=ALL-UNNAMED --add-opens=java.base/java.util.concurrent.atomic=ALL-UNNAMED -Xmx1536M -Dfile.encoding=windows-1252 -Duser.country=US -Duser.language=en -Duser.variant 
java_command: org.gradle.launcher.daemon.bootstrap.GradleDaemon 7.5
java_class_path (initial): C:\Users\A\.gradle\wrapper\dists\gradle-7.5-all\6qsw290k5lz422uaf8jf6m7co\gradle-7.5\lib\gradle-launcher-7.5.jar
Launcher Type: SUN_STANDARD

[Global flags]
     intx CICompilerCount                          = 3                                         {product} {ergonomic}
     uint ConcGCThreads                            = 1                                         {product} {ergonomic}
     uint G1ConcRefinementThreads                  = 4                                         {product} {ergonomic}
   size_t G1HeapRegionSize                         = 1048576                                   {product} {ergonomic}
    uintx GCDrainStackTargetSize                   = 64                                        {product} {ergonomic}
   size_t InitialHeapSize                          = 65011712                                  {product} {ergonomic}
   size_t MarkStackSize                            = 4194304                                   {product} {ergonomic}
   size_t MaxHeapSize                              = 1610612736                                {product} {command line}
   size_t MaxNewSize                               = 965738496                                 {product} {ergonomic}
   size_t MinHeapDeltaBytes                        = 1048576                                   {product} {ergonomic}
   size_t MinHeapSize                              = 8388608                                   {product} {ergonomic}
    uintx NonNMethodCodeHeapSize                   = 5832780                                {pd product} {ergonomic}
    uintx NonProfiledCodeHeapSize                  = 122912730                              {pd product} {ergonomic}
    uintx ProfiledCodeHeapSize                     = 122912730                              {pd product} {ergonomic}
    uintx ReservedCodeCacheSize                    = 251658240                              {pd product} {ergonomic}
     bool SegmentedCodeCache                       = true                                      {product} {ergonomic}
   size_t SoftMaxHeapSize                          = 1610612736                             {manageable} {ergonomic}
     bool UseCompressedClassPointers               = true                           {product lp64_product} {ergonomic}
     bool UseCompressedOops                        = true                           {product lp64_product} {ergonomic}
     bool UseG1GC                                  = true                                      {product} {ergonomic}
     bool UseLargePagesIndividualAllocation        = false                                  {pd product} {ergonomic}

Logging:
Log output configuration:
 #0: stdout all=warning uptime,level,tags
 #1: stderr all=off uptime,level,tags

Environment Variables:
JAVA_HOME=C:\Program Files\Android\Android Studio\jbr
CLASSPATH=C:\Users\A\Desktop\testt\android\\gradle\wrapper\gradle-wrapper.jar
PATH=C:\Program Files\Android\Android Studio\jbr\bin;C:\Windows\system32;C:\Windows;C:\Windows\System32\Wbem;C:\Windows\System32\WindowsPowerShell\v1.0\;C:\Windows\System32\OpenSSH\;C:\Program Files\Git\cmd;C:\Users\A\AppData\Local\Microsoft\WindowsApps;C:\flutter\bin;C:\Users\A\AppData\Local\Programs\Microsoft VS Code\bin;C:\Users\A\AppData\Local\GitHubDesktop\bin;C:\ProgramData\A\GitHubDesktop\bin;C:\Program Files\Java\jdk-11\bin;;C:\flutter\bin\mingit\cmd;C:\flutter\bin\mingit\cmd
USERNAME=A
OS=Windows_NT
PROCESSOR_IDENTIFIER=Intel64 Family 6 Model 126 Stepping 5, GenuineIntel
TMP=C:\Users\A\AppData\Local\Temp
TEMP=C:\Users\A\AppData\Local\Temp



---------------  S Y S T E M  ---------------

OS:
 Windows 10 , 64 bit Build 19041 (10.0.19041.3393)
OS uptime: 14 days 6:15 hours

CPU: total 4 (initial active 4) (2 cores per cpu, 2 threads per core) family 6 model 126 stepping 5 microcode 0xa0, cx8, cmov, fxsr, ht, mmx, 3dnowpref, sse, sse2, sse3, ssse3, sse4.1, sse4.2, popcnt, lzcnt, tsc, tscinvbit, avx, avx2, aes, erms, clmul, bmi1, bmi2, adx, avx512f, avx512dq, avx512cd, avx512bw, avx512vl, sha, fma, vzeroupper, avx512_vpopcntdq, avx512_vpclmulqdq, avx512_vaes, avx512_vnni, clflush, clflushopt, avx512_vbmi2, avx512_vbmi

Memory: 4k page, system-wide physical 3901M (73M free)
TotalPageFile size 15677M (AvailPageFile size 171M)
current process WorkingSet (physical memory assigned to process): 192M, peak: 297M
current process commit charge ("private bytes"): 685M, peak: 1010M

vm_info: OpenJDK 64-Bit Server VM (17.0.6+0-b2043.56-9586694) for windows-amd64 JRE (17.0.6+0-b2043.56-9586694), built on Feb  9 2023 20:06:20 by "androidbuild" with MS VC++ 16.10 / 16.11 (VS2019)

END.
